/AMY Sean Ripol's riddled with prison ink. at 30 April 14:43:45
/AMY Francis Thompson's getting jealous. at 01 May 20:26:55
/AMY Rob Smalls's waves to the Ballas members at 10 May 11:44:19
/AMY Rico Khan's takes it at 12 May 11:28:48
/AMY Rob Smalls's wave to amanda at 15 May 14:48:18
/AMY Rob Smalls's grabs out his gun and ready to open fire. at 16 May 13:12:32
/AMY Luis Garcia's is riddled with prison/gang related tattoos. at 16 May 22:34:58
/AMY Rico Khan's looks at Tesa face at 17 May 10:39:17
/AMY Rico Khan's stands up at 17 May 11:02:55
/AMY Rico Khan's Looks at the papers and take it, then start watching it. at 17 May 11:09:14
/AMY Malik Brown's African American FBI agent with cornrows and a fresh low fade. at 18 May 16:30:45
/AMY Rob Smalls's waves to Dragus at 20 May 14:52:00
/AMY Dragus Armarti's a hispanic male. at 20 May 18:12:53
/AMY Ricardo Salonga's saliva would be oozing from his mouth to his right neck. at 21 May 10:45:33
/AMY Cynthia Rowley's a buxom southern girl with a heavy accent and busty breasts. at 21 May 11:34:19
/AMY Joziah Cook's walkie emits a signal. at 21 May 11:37:13
/AMY Rob Smalls's check the papers and start sign at 21 May 13:56:21
/AMY Rei Fugiwara's countenance remained same throughout the coversation; indignant. at 21 May 15:25:25
/AMY Dragus Armarti's wears a tactical suit. at 21 May 16:07:39
/AMY Dragus Armarti's holding Deshawn pinned on the ground. at 21 May 16:30:53
/AMY Dragus Armarti's ready to pull the trigger anytime if he gets surprised. at 22 May 16:57:09
/AMY Gotham Redfield's face of joy flew away with a tensed look. at 22 May 19:55:54
/AMY Rob Smalls's waves on Nawfal at 22 May 22:48:37
/AMY Rob Smalls's talk to Tajae at 22 May 22:57:27
/AMY Rob Smalls's nods at 23 May 02:10:55
/AMY Rob Smalls's takes his badge at 26 May 23:25:45
/AMY Rico Khan's nods at 26 May 03:11:52
/AMY Rob Smalls's Angry at 26 May 13:48:58
/AMY Rob Smalls's take the ID card from santo at 28 May 11:10:41
/AMY Sean Ripol's peculiar scent of strong cologne and sour sweat covers him like a cloak. at 28 May 13:33:22
/AMY Erica Renshaw's phone rings. at 28 May 22:00:04
/AMY Rob Smalls's looks at Joseph at 29 May 14:49:20
/AMY Rob Smalls's looks at Daniel CARD ID at 30 May 23:10:27
/AMY Kenneth Reyes's dick is getting hard at 30 May 12:52:17
/AMY Yvonne Cassidy's face is concealed at 31 May 11:13:11
/AMY Rob Smalls's smile at 31 May 15:53:28
/AMY Rob Smalls's smile at 31 May 15:59:30
/AMY Rob Smalls's look behined himself at 31 May 16:23:50
/AMY Rico Khan's nods at 01 June 15:02:21
/AMY Rob Smalls's watch the Card id at 02 June 00:50:14
/AMY Jorge Lopez's referring to Wesley, Lopez and Reigns. at 02 June 19:19:26
/AMY Sophia Corveaux's attention is fully drawn by Rodney, ignoring Jimmy. at 04 June 13:55:14
/AMY Jorge Lopez's referring to Deputy Director's. at 08 June 13:18:35
