** (( PM Jessa to Shadow: meni je mucno kada sam na lapttopu )) ** at 04 May 15:12:27 
** (( PM Jessa to Shadow: ozbiljno povraca mi se kada se ekran trese i sve to# )) ** at 04 May 15:12:58 
** (( PM Shadow to Hank James: /apm is a cmd )) ** at 04 May 16:03:41 
** (( PM Hank James to Shadow: yo bro )) ** at 04 May 16:03:49 
** (( PM Shadow to Hank James: ur dick is small )) ** at 04 May 16:03:54 
** (( PM Shadow to Jessa: e )) ** at 05 May 09:56:30 
** (( PM Shadow to Jessa: Da promote Jaxy-a? )) ** at 05 May 09:56:43 
** (( PM Jessa to Shadow: da )) ** at 05 May 15:06:55 
** (( PM Jessa to Shadow: haha on ce probably da koristi sandboxie )) ** at 05 May 15:07:13 
** (( PM Jessa to Shadow: da )) ** at 05 May 15:08:15 
** (( PM Jessa to Charles Miller Jr: I advise you to continue the PR )) ** at 06 May 14:24:17 
** (( PM Jessa to Charles Miller Jr: RP )) ** at 06 May 14:24:20 
** (( PM Constantine to Akib Khan: f )) ** at 15 May 13:10:20 
** (( PM Constantine to Akib Khan: WOW )) ** at 15 May 13:10:22 
** (( PM Jonathan Constantine to Akib Khan: why )) ** at 15 May 17:29:35 
** (( PM Jonathan Constantine to Akib Khan: I'll get /mask removed )) ** at 15 May 17:30:42 
** (( PM Jonathan Constantine to Akib Khan: That's not an elite group )) ** at 15 May 17:30:48 
** (( PM Jonathan Constantine to Akib Khan: But I'm not giving ok? )) ** at 15 May 17:31:06 
** (( PM Jonathan Constantine to Akib Khan: XD )) ** at 15 May 17:31:08 
** (( PM Jessa Winters to Shadow: svi pakiji moraju biti gas-ovani kao zidovi u auschwitzu )) ** at 17 May 12:55:50 
** (( PM Jonathan Constantine to Akib Khan: ok wait )) ** at 17 May 18:07:01 
** (( PM Jonathan Constantine to Akib Khan: spec off )) ** at 17 May 18:07:10 
** (( PM Jonathan Constantine to Akib Khan: let me remove here )) ** at 17 May 18:07:14 
** (( PM Jonathan Constantine to Akib Khan: 1735 )) ** at 17 May 18:07:36 
** (( PM Jonathan Constantine to Akib Khan: 1765 )) ** at 17 May 18:07:40 
** (( PM Jonathan Constantine to Akib Khan: 1765 )) ** at 17 May 18:07:40 
** (( PM Jonathan Constantine to Akib Khan: 1765 )) ** at 17 May 18:07:41 
** (( PM Jonathan Constantine to Akib Khan: 1765 )) ** at 17 May 18:07:42 
** (( PM Jonathan Constantine to Otter: can you not makeyourself leader of classified groups )) ** at 18 May 12:59:28 
** (( PM Jonathan Constantine to Otter: btw, since we're handling all of this, tell other admins to stay away from these )) ** 
** (( PM Jonathan Constantine to Otter: You tell me whenever somoene else handles things like these )) ** at 18 May 13:00:14 
** (( PM Jonathan Constantine to Otter: check syndicate /ogmembers - Jaxy )) ** at 18 May 13:00:19 
** (( PM Jonathan Constantine to Otter: y )) ** at 19 May 14:50:23 
** (( PM Jonathan Constantine to Otter: no :( )) ** at 19 May 14:50:51 
** (( PM Jonathan Constantine to Otter: idk brother otter )) ** at 19 May 14:51:01 
** (( PM Jonathan Constantine to Otter: btw, close lssd )) ** at 19 May 14:51:14 
** (( PM Jonathan Constantine to Otter: kick everyone out )) ** at 19 May 14:51:19 
** (( PM Jonathan Constantine to Otter: close SAN )) ** at 19 May 14:51:29 
** (( PM Jonathan Constantine to Otter: useless )) ** at 19 May 14:51:32 
** (( PM Jonathan Constantine to Otter: thats all brother otter )) ** at 19 May 14:52:09 
** (( PM Jonathan Constantine to Otter: Good brother Otter )) ** at 19 May 14:52:24 
** (( PM Jonathan Constantine to Otter: I think Jessa got bored of DoJ )) ** at 19 May 14:52:44 
** (( PM Jonathan Constantine to Otter: Gonna close )) ** at 19 May 14:52:49 
** (( PM Jonathan Constantine to Otter: good )) ** at 19 May 14:56:34 
** (( PM Akib James to Jonathan Constantine: handle gotham )) ** at 19 May 16:37:02 
** (( PM Jonathan Constantine to Otter: sup )) ** at 20 May 15:48:26 
** (( PM Jonathan Constantine to Otter: i did )) ** at 20 May 15:48:36 
** (( PM Jonathan Constantine to Otter: because you weren't leading it??? never asked for my permission??? just gave yourself l
** (( PM Jonathan Constantine to Otter: he never told me?? )) ** at 20 May 15:49:23 
** (( PM Jonathan Constantine to Otter: I'm still the group manager?? )) ** at 20 May 15:49:29 
** (( PM Jonathan Constantine to Otter: you come confirm with me?? )) ** at 20 May 15:49:39 
** (( PM Jonathan Constantine to Otter: nigga theres an order of things bro )) ** at 20 May 15:49:45 
** (( PM Jonathan Constantine to Otter: all you had to do was "Constantine, Jesse said I can lead Ruggiero" )) ** at 20 May 15:
** (( PM Jonathan Constantine to Alicia Johnson: Unless Deshawn makes a casefile on Ruggiero crew )) ** at 21 May 15:36:56 
** (( PM Jonathan Constantine to Alicia Johnson: He's to be kicked )) ** at 21 May 15:37:00 
** (( PM Jonathan Constantine to Alicia Johnson: He fucking aided them in killing 2 people, shooting at ARES )) ** at 21 May 15
** (( PM Jonathan Constantine to Alicia Johnson: Yes, corruption )) ** at 21 May 15:37:28 
** (( PM Jonathan Constantine to Alicia Johnson: It isn't yes, I asked him )) ** at 21 May 15:37:40 
** (( PM Jonathan Constantine to Alicia Johnson: He said I'm not corrupt )) ** at 21 May 15:37:45 
** (( PM Jonathan Constantine to Alicia Johnson: Unless he makes a casefile )) ** at 21 May 15:37:51 
** (( PM Jonathan Constantine to Alicia Johnson: I'll kick him )) ** at 21 May 15:37:54 
** (( PM Jonathan Constantine to Alicia Johnson: I'll pm  you )) ** at 21 May 15:38:38 
** (( PM Jonathan Constantine to Mike Bourne: yes )) ** at 22 May 19:27:39 
** (( PM Jonathan Constantine to Niccolo Machiavelli: AHHAHAHAHA )) ** at 22 May 19:51:05 
** (( PM Jonathan Constantine to Niccolo Machiavelli: I crashed )) ** at 22 May 19:51:08 
** (( PM Carry Minati to Ethan: shall I fine if someone MG inside vehicle? )) ** at 22 May 21:22:04 
** (( PM Carry Minati to Ethan: how much? )) ** at 22 May 21:22:33 
** (( PM Carry Minati to Ethan: spec him then dude :3 )) ** at 22 May 21:23:46 
** (( PM Carry Minati to Ethan: fining 3percent for MG? diff lang )) ** at 22 May 21:29:44 
** (( PM Carry Minati to Ethan: Shooting their friend in Stax can I consider it as DM? )) ** at 22 May 21:45:21 
** (( PM Carry Minati to Callum Thompson: he just came out of vehicle, started shooting )) ** at 24 May 14:03:38 
** (( PM Carry Minati to Callum Thompson: handle him )) ** at 24 May 14:04:44 
** (( PM Carry Minati to James Hawten: sup? )) ** at 24 May 14:08:50 
** (( PM Carry Minati to Reece Sawano: Don't response to his call now, Cesar. )) ** at 24 May 15:01:06 
** (( PM Carry Minati to Scott Turner: isn't he avoiding rp? )) ** at 25 May 18:44:35 
** (( PM Carry Minati to Hank James: how you will learn progress bar from me? )) ** at 25 May 18:51:31 
** (( PM Jackson William to Ethan: What does Malik Ehsan`e means? )) ** at 25 May 21:00:16 
** (( PM Jackson William to Ethan: oh accha )) ** at 25 May 21:00:45 
** (( PM Jackson William to Ethan: koi decision made kio nhi kya? :/ )) ** at 25 May 21:01:10 
** (( PM Jackson William to Ethan: yr mene bol dia tha na, tum handle kar lo :/ )) ** at 25 May 21:01:56 
** (( PM Jackson William to Ethan: kya? :3 )) ** at 25 May 21:02:19 
** (( PM Jackson William to Ethan: alright jani )) ** at 25 May 21:02:39 
** (( PM Jonathan Constantine to Callum Thompson: that u? )) ** at 26 May 13:36:24 
** (( PM Jonathan Constantine to Callum Thompson: was he invited to FBI? )) ** at 26 May 13:36:42 
** (( PM Jonathan Constantine to Callum Thompson: With his main account? )) ** at 26 May 13:37:04 
** (( PM Valentin Shadow to Veronica Donovan: Lol nice try )) ** at 26 May 18:55:17 
** (( PM Valentin Shadow to Veronica Donovan: Because I ain't givin' you! )) ** at 26 May 18:55:42 
** (( PM Jonathan Constantine to Alex Harvey: Bro )) ** at 26 May 19:28:03 
** (( PM Jonathan Constantine to Alex Harvey: He fucking lied )) ** at 26 May 19:28:06 
** (( PM Jonathan Constantine to Alex Harvey: to the HC )) ** at 26 May 19:28:11 
** (( PM Jonathan Constantine to Alex Harvey: said he mced /quitfaction )) ** at 26 May 19:28:16 
** (( PM Khan Jahan Ali to Valentin Shadow: Wait :( )) ** at 27 May 15:14:38 
** (( PM Khan Jahan Ali to Valentin Shadow: tell me updates )) ** at 27 May 15:17:10 
** (( PM Khan Jahan Ali to Valentin Shadow: regarding donated group? how i can rank up? )) ** at 27 May 15:17:26 
** (( PM Jonathan Constantine to Arn: no u a snake )) ** at 28 May 17:18:40 
** (( PM Joe to Jessa Erosel: 1407 )) ** at 29 May 13:23:24 
** (( PM Joe to Jessa Erosel: Why did you give me senior lol )) ** at 29 May 13:23:35 
** (( PM Joe to Jessa Erosel: well thank u sir )) ** at 29 May 13:23:58 
** (( PM Joe to Jessa Erosel: gimme in forum and discord, please. )) ** at 29 May 13:24:06 
** (( PM Joe to Jessa Erosel: And btw, haters are to start popping up now haha )) ** at 29 May 13:24:28 
** (( PM Joe to Jessa Erosel: 1407 )) ** at 29 May 13:25:29 
** (( PM Jonathan Constantine to Joe: watch this )) ** at 29 May 13:46:22 
** (( PM Jonathan Constantine to Joe: because u ride with ssssssnakes )) ** at 29 May 13:48:02 
** (( PM Joe to Jonathan Constantine: just make me duh )) ** at 29 May 13:48:56 
** (( PM Jonathan Constantine to Joe: stop spamming me sir )) ** at 29 May 13:49:02 
** (( PM Jonathan Constantine to Joe: i will hold on )) ** at 29 May 13:49:08 
** (( PM Joe to Jonathan Constantine: make me fac mod )) ** at 29 May 13:54:09 
** (( PM Jessa Erosel to Shadow: ajd discord call )) ** at 29 May 14:07:39 
** (( PM Joe to Hank James: make me leader of pd please. )) ** at 29 May 14:22:31 
** (( PM Jonathan Constantine to Joe FRR: im trolling hank shh )) ** at 29 May 15:37:52 
** (( PM Joe FRR to Hank James: he is trolling u )) ** at 29 May 15:38:13 
** (( PM Joe FRR to Hank James: whats cmd to fine for rulebreak? )) ** at 29 May 15:40:53 
** (( PM joe to Igor Zherdev: Hey Alem. )) ** at 29 May 18:47:53 
** (( PM Joe to John Constantine: Check the FC against me please now. )) ** at 29 May 20:55:49 
** (( PM Joe to John Constantine: Check the FC against me please now. )) ** at 29 May 20:56:31 
** (( PM Joe to Scott Arceneaux: To refund you? )) ** at 30 May 14:10:35 
** (( PM Jonathan Constantine to Joe: no handle factions u mong )) ** at 30 May 17:24:22 
** (( PM Jonathan Constantine to Joe: sup )) ** at 30 May 17:31:00 
** (( PM Jonathan Constantine to Joe: come here and get the person here as well who killed him )) ** at 30 May 17:31:25 
** (( PM Jonathan Constantine to Joe: they dont need to rp finishing him bro )) ** at 30 May 17:32:58 
** (( PM Jonathan Constantine to Joe: KoS isnt a rule anymore )) ** at 30 May 17:33:31 
** (( PM Joe to Dragus Armarti: What do you need Dragus? )) ** at 30 May 20:07:37 
** (( PM Joe to Michael Afandiyev: Why are you abusing /mask? )) ** at 31 May 14:10:13 
** (( PM Joe to Johny Col: I know, resigning too. )) ** at 31 May 19:07:27 
** (( PM Joe to John Barlow: I know, resigning too. )) ** at 31 May 19:07:44 
** (( PM Joe to John Barlow: dude players are cancer. )) ** at 31 May 19:08:16 
** (( PM Joe WInton to Arn: u whispered me? )) ** at 01 June 23:27:20 
** (( PM Joe WInton to Arn: Yeah. )) ** at 01 June 23:27:34 
** (( PM Joe WInton to Arn: Also, Josef said will kick Edgar. )) ** at 01 June 23:28:00 
** (( PM Joe WInton to Arn: Lets be patient. )) ** at 01 June 23:28:05 
** (( PM Joe to Arn: FBI is considered as group or faction? )) ** at 01 June 15:35:43 
** (( PM Joe to Arn: So I give it to him? )) ** at 01 June 15:35:50 
** (( PM Joe to Arn: he is getting fired )) ** at 01 June 15:53:16 
** (( PM Joe to Arn: and remove him from PD. )) ** at 01 June 15:54:47 
** (( PM Joe to Slice Walshy: I need approvation from someone, get me approvation. )) ** at 01 June 17:19:57 
** (( PM Joe to Leonardo Murphy: Slice wants Syndicate LF. )) ** at 01 June 17:20:59 
** (( PM Constantine to Lance: yep i forget a lot )) ** at 02 June 20:12:19 
** (( PM Constantine to Lance: sure )) ** at 02 June 20:56:18 
** (( PM Valentin Shadow to Dragus Armarti: Naravno )) ** at 03 June 18:10:16 
** (( PM Valentin Shadow to Hank James: I need to tell you the truth, Dragus hates Lance and Melvin )) ** at 03 June 18:43:44 
** (( PM Valentin Shadow to Hank James: /apm )) ** at 03 June 18:44:04 
** (( PM Hank James to Valentin Shadow: tell truth to whom? )) ** at 03 June 18:44:10 
** (( PM Valentin Shadow to Hank James: To you I am telling that )) ** at 03 June 18:44:13 
** (( PM Valentin Shadow to Hank James: He told me on discord )) ** at 03 June 18:44:19 
** (( PM Hank James to Valentin Shadow: Dragus told you? )) ** at 03 June 18:44:28 
** (( PM Valentin Shadow to Hank James: "Please come back who the fuck hired retards like Melvin and Lance" )) ** at 03 June 18
** (( PM Hank James to Valentin Shadow: oh yes )) ** at 03 June 18:44:39 
** (( PM Hank James to Valentin Shadow: Arn revealed Lance being S9 director to Dragus  )) ** at 03 June 18:44:51 
** (( PM Hank James to Valentin Shadow: so Dragus thought )) ** at 03 June 18:44:59 
** (( PM Hank James to Valentin Shadow: Lance is a snitch )) ** at 03 June 18:45:04 
** (( PM Hank James to Valentin Shadow: and started hating him )) ** at 03 June 18:45:09 
** (( PM Valentin Shadow to Hank James: I wasn't reading )) ** at 03 June 18:46:26 
** (( PM Valentin Shadow to Hank James: I was on discord, sup )) ** at 03 June 18:46:30 
** (( PM Hank James to Valentin Shadow: Arn revealed Lance being S9 director to Dragus )) ** at 03 June 18:46:47 
** (( PM Hank James to Valentin Shadow: Dragus took Lance as snitch as Lance was in HA the same time )) ** at 03 June 18:47:01 
** (( PM Hank James to Valentin Shadow: now Dragus hates LANCE )) ** at 03 June 18:47:06 
** (( PM Hank James to Valentin Shadow: Also Lance purged HA  )) ** at 03 June 18:47:14 
** (( PM Hank James to Valentin Shadow: and removed Dragus so he hates him )) ** at 03 June 18:47:21 
** (( PM Valentin Shadow to Hank James: Yes )) ** at 03 June 18:47:33 
** (( PM Hank James to Valentin Shadow: yes )) ** at 03 June 18:47:38 
** (( PM Valentin Shadow to Hank James: Dragus just told me on discord )) ** at 03 June 18:47:45 
** (( PM Valentin Shadow to Hank James: These two ( Melvin and Lance ) are a poop, I'm having a feeling that they're preparing 
** (( PM Valentin Shadow to Hank James: the server up )) ** at 03 June 18:48:06 
** (( PM Hank James to Valentin Shadow: who said that Dragus? )) ** at 03 June 18:48:22 
** (( PM Valentin Shadow to Hank James: He just told me on discord, we talk the same language )) ** at 03 June 18:48:31 
** (( PM Hank James to Valentin Shadow: he told me that yesterday too )) ** at 03 June 18:48:48 
** (( PM Valentin Shadow to Hank James: Dragus was told he is going to be a HA )) ** at 03 June 18:49:01 
** (( PM Hank James to Valentin Shadow: HA = Head admin or agency? )) ** at 03 June 18:49:14 
** (( PM Valentin Shadow to Hank James: Not complaining, he's capable )) ** at 03 June 18:49:25 
** (( PM Valentin Shadow to Hank James: head )) ** at 03 June 18:49:26 
** (( PM Hank James to Valentin Shadow: dragus still asks Arn )) ** at 03 June 18:49:42 
** (( PM Hank James to Valentin Shadow: for admins commands.. )) ** at 03 June 18:49:48 
** (( PM Hank James to Valentin Shadow: once he's used to admin he can be promoted )) ** at 03 June 18:50:01 
** (( PM Jessa Erosel to Dragus Armarti: sta ti to u svabenlandu? )) ** at 04 June 14:05:58 
** (( PM Jessa Erosel to Dragus Armarti: koristi /apm )) ** at 04 June 14:06:06 
** (( PM Dragus Armarti to Jessa Erosel: stalno sam minhen/tuzla )) ** at 04 June 14:06:27 
** (( PM Dragus Armarti to Jessa Erosel: mislim vise tuzla neko minhen, ali nisam imo drugu zastavu pa stavio dojcland )) ** at
** (( PM Jessa Erosel to Dragus Armarti: hahaha )) ** at 04 June 14:07:04 
** (( PM Jessa Erosel to Dragus Armarti: afk )) ** at 04 June 14:07:17 
** (( PM Constantine to Dragus Armarti: why )) ** at 04 June 17:19:34 
** (( PM Constantine to Dragus Armarti: ???????????????????????????? )) ** at 04 June 17:19:38 
** (( PM Constantine to Valentin Shadow: what sir? )) ** at 05 June 09:26:52 
** (( PM Valentin Shadow to Constantine: /me burps )) ** at 05 June 09:27:01 
** (( PM Constantine to Valentin Shadow: u were like "fuck off" everytime.. )) ** at 05 June 09:29:14 
** (( PM Valentin Shadow to Constantine: Only yday )) ** at 05 June 09:29:21 
** (( PM Dragus Armarti to Constantine: what you wanna do with PD )) ** at 05 June 13:17:37 
** (( PM Constantine to Dragus Armarti: wdym what u wanna do with pd )) ** at 05 June 13:17:51 
** (( PM Dragus Armarti to Constantine: johnny ta is staying as chief? )) ** at 05 June 13:18:12 
** (( PM Hank James to Orlando Jackson: account delete i mean )) ** at 05 June 16:38:06 
** (( PM Dragus Armarti to Josef Hudson: i can be dir. of administration? )) ** at 05 June 19:09:12 
** (( PM Dragus Armarti to Josef Hudson: answer please )) ** at 05 June 19:11:56 
** (( PM Dragus Armarti to Josef Hudson: Let me be director of administration. )) ** at 05 June 19:12:27 
** (( PM Dragus Armarti to Josef Hudson: I know but I mean thats minor decision )) ** at 05 June 19:13:10 
** (( PM Jonathan Constantine to Alan Wesley: probie )) ** at 06 June 14:57:20 
** (( PM Josef Hudson to Valentin Shadow: how do i check who was banned by who )) ** at 06 June 17:28:54 
** (( PM Josef Hudson to Valentin Shadow: how do i check what admin banned someone? )) ** at 06 June 17:29:31 
** (( PM Josef Hudson to Valentin Shadow: what chat are you talking in )) ** at 06 June 17:30:21 
** (( PM Jonathan Constantine to Tempest: ye ye )) ** at 06 June 18:16:29 
** (( PM Josef Hudson to Dragus Armarti: still thinking man, shadow is back, constantine is and apparantly hank is still here )
** (( PM Josef Hudson to Dragus Armarti: and i dont know about nightmaid yet )) ** at 06 June 20:44:58 
** (( PM Josef Hudson to Dragus Armarti: u sure? )) ** at 06 June 20:45:13 
** (( PM Josef Hudson to Dragus Armarti: yeah they are going one by one )) ** at 06 June 20:46:18 
** (( PM Josef Hudson to Dragus Armarti: banned lance and melvin today, cuz hank unbanned them )) ** at 06 June 20:46:26 
** (( PM Josef Hudson to Dragus Armarti: i asked consta )) ** at 06 June 20:49:45 
** (( PM Josef Hudson to Dragus Armarti: what he thinks about it )) ** at 06 June 20:49:52 
** (( PM Josef Hudson to Dragus Armarti: i dont wanna run them over lmao )) ** at 06 June 20:50:00 
** (( PM Jonathan Constantine to Alan Wesley: he said hes to be hired )) ** at 07 June 12:47:54 
** (( PM Nazario Admin to Jonathan Constantine: key 1407 )) ** at 07 June 13:24:22 
** (( PM Nazario Admin to Jonathan Constantine: set name to Nazario )) ** at 07 June 13:24:39 
** (( PM Nazario to Jonathan Constantine: give me mods )) ** at 07 June 13:26:33 
** (( PM Nazario to Jonathan Constantine: gimme mods )) ** at 07 June 13:28:42 
** (( PM Nazario to Jonathan Constantine: gimme mods sir )) ** at 07 June 13:30:01 
** (( PM Nazario to Jonathan Constantine: fac )) ** at 07 June 13:30:25 
** (( PM Nazario to Jonathan Constantine: ok )) ** at 07 June 13:31:11 
** (( PM Nazario to Jessa Erosel: gimme forum admin, I just reinstated )) ** at 07 June 13:35:09 
** (( PM Nazario to Jonathan Constantine: what faction i'm moderating? )) ** at 07 June 13:36:35 
** (( PM Nazario to Jessa Erosel: gimme event mod )) ** at 07 June 13:46:26 
** (( PM Nazario to Jessa Erosel: please role in discord )) ** at 07 June 13:47:44 
** (( PM Jonathan Constantine to Ozzie: you'd better accept my ug and invite me to discord server prick )) ** at 07 June 14:11:
** (( PM Nazario to Rockwell: Shady )) ** at 07 June 14:47:05 
** (( PM Nazario to Rockwell: General in forum please )) ** at 07 June 14:47:10 
** (( PM Nazario to Rockwell: Gimme general admin in forum please )) ** at 07 June 14:47:30 
** (( PM Nazario to Dragus Armarti: gimme general admin role in discord please )) ** at 07 June 14:47:39 
** (( PM Nazario to Rockwell: Shady, just so you know brother )) ** at 07 June 14:59:30 
** (( PM Nazario to Rockwell: Jessa is insisting about not RP'ing on admin accs )) ** at 07 June 15:00:13 
** (( PM Nazario to Rockwell: Ozzie doesn't comply, and what makes it worse )) ** at 07 June 15:00:23 
** (( PM Nazario to Rockwell: he is using admin name )) ** at 07 June 15:00:31 
** (( PM Nazario to Rockwell: I mean, if Jessa finds out, he's going to fire him. )) ** at 07 June 15:00:44 
** (( PM Nazario to Rockwell: Just like he suspended Arn before. )) ** at 07 June 15:00:56 
** (( PM Jessa Erosel to Dragus Armarti: pa ti si head admin ti to mozes )) ** at 07 June 15:15:00 
** (( PM Nazario to Jonathan Constantine: uhm? )) ** at 07 June 15:16:16 
** (( PM Nazario to Jessa Erosel: because of me :( )) ** at 07 June 15:26:25 
** (( PM Jessa Erosel to Nazario: good 1 )) ** at 07 June 15:26:37 
** (( PM Nazario to Jonathan Constantine: Jonathan )) ** at 07 June 15:35:35 
** (( PM Nazario to Rockwell: /goto int1 )) ** at 07 June 15:48:07 
** (( PM Nazario to Rockwell: /goto int1 )) ** at 07 June 15:48:07 
** (( PM Jonathan Constantine to Dragus Armarti: what )) ** at 07 June 16:38:44 
** (( PM Jonathan Constantine to Dragus Armarti: YES OK JUST INFORM ME AND ASK ME ABOUT CHANGES )) ** at 07 June 16:40:37 
** (( PM Jonathan Constantine to Dragus Armarti: why you removing his access )) ** at 07 June 16:41:04 
** (( PM Jonathan Constantine to Nazario: you'll get it when u get a faction to moderator )) ** at 07 June 16:41:36 
** (( PM Jonathan Constantine to Dragus Armarti: be nice to everyone )) ** at 07 June 16:44:39 
** (( PM Jonathan Constantine to Dragus Armarti: or ill demote u )) ** at 07 June 16:44:43 
** (( PM Jonathan Constantine to Nazario: SUP )) ** at 07 June 16:48:50 
** (( PM Jonathan Constantine to Nazario: IDK ABOUT PD HOLD ON )) ** at 07 June 16:49:06 
** (( PM Jonathan Constantine to Nazario: But PD doesn't want you as their mod )) ** at 07 June 16:49:33 
** (( PM Jonathan Constantine to Nazario: I need to hear them as well )) ** at 07 June 16:49:36 
** (( PM Shadow to Jessa Erosel: /blockip <IP> )) ** at 07 June 18:06:21 
** (( PM Shadow to Jessa Erosel: /ipget kad pocnu ulazit xD )) ** at 07 June 18:09:20 
** (( PM Jonathan Constantine to Alan Wesley: yes )) ** at 07 June 18:32:41 
** (( PM Jonathan Constantine to Alan Wesley: i got head admin position offered )) ** at 07 June 18:33:09 
** (( PM Jonathan Constantine to Alan Wesley: i declined )) ** at 07 June 18:33:18 
** (( PM Jonathan Constantine to Alan Wesley: because ive worked in this server a lot, thats essentially them ruining everythin
** (( PM Jonathan Constantine to Alan Wesley: that ive built )) ** at 07 June 18:33:52 
** (( PM Jonathan Constantine to Alan Wesley: yeah they will )) ** at 07 June 18:34:13 
** (( PM Shadow to Max Payne: I've no clue )) ** at 07 June 18:54:04 
** (( PM Shadow to Jonathan Constantine: Should I give this british cunt a chancE? )) ** at 07 June 18:59:30 
** (( PM Jonathan Constantine to Dragus Armarti: leave the factions to arn now )) ** at 08 June 11:10:13 
** (( PM Jonathan Constantine to Dragus Armarti: you handle administration )) ** at 08 June 11:10:17 
** (( PM Jonathan Constantine to Dragus Armarti: yeah? )) ** at 08 June 11:10:19 
** (( PM Jonathan Constantine to Dragus Armarti: since hes senior now )) ** at 08 June 11:10:23 
** (( PM Jonathan Constantine to Tempest: Your friend Shadow, Hank and Jessa decided )) ** at 08 June 15:36:06 
** (( PM Hank James to Matias Mendoza: don't really wish to give up after seeing your guys support )) ** at 09 June 14:20:04 
** (( PM Nazario to Shadow: u keep specing him. I'm busy with undercover )) ** at 09 June 16:44:31 
** (( PM Nazario to Shadow: ok? )) ** at 09 June 16:44:33 
** (( PM Nazario to Shadow: specing joris? )) ** at 09 June 16:46:26 
** (( PM Shadow to Nazario: yes )) ** at 09 June 16:46:32 
** (( PM Nazario to Shadow: I'm specing him too lol )) ** at 09 June 16:46:40 
** (( PM Shadow to Drago: Da )) ** at 09 June 17:00:35 
** (( PM Shadow to Nazario: yes )) ** at 09 June 17:01:08 
** (( PM Shadow to Nazario: Ask hank )) ** at 09 June 17:01:30 
** (( PM Nazario to Dragus Armarti: btw, gimme fac mod back. )) ** at 09 June 17:04:26 
** (( PM Nazario to John Pie: gimme faction mod back )) ** at 10 June 14:39:06 
** (( PM Nazario to John Pie: gimme faction mod back )) ** at 10 June 14:39:11 
** (( PM Nazario to John Pie: gimme faction mod back )) ** at 10 June 14:39:11 
** (( PM Nazario to John Pie: gimme faction mod back )) ** at 10 June 14:39:12 
** (( PM Nazario to John Pie: gimme faction mod back )) ** at 10 June 14:39:12 
** (( PM Nazario to Hank James: hank )) ** at 10 June 16:21:09 
** (( PM Nazario to Hank James: Paul_Miller? )) ** at 10 June 16:23:32 
** (( PM Nazario Constantine to John: tell him to give me senior :( )) ** at 10 June 17:14:26 
** (( PM Jonathan Constantine to Alan Wesley: Hey :) )) ** at 11 June 15:03:21 
** (( PM Jonathan Constantine to Alan Wesley: Who the hell told u that )) ** at 11 June 15:04:09 
** (( PM Jonathan Constantine to Alan Wesley: ah ethan did )) ** at 11 June 15:04:41 
** (( PM Jonathan Constantine to Arn: idk )) ** at 11 June 17:52:07 
** (( PM Jonathan Constantine to Arn: its either u or alex )) ** at 11 June 17:52:36 
** (( PM Jonathan Constantine to Arn: i mean since u went like..awol on me )) ** at 11 June 17:52:45 
** (( PM Jonathan Constantine to Arn: alright u can be his assistant )) ** at 11 June 17:52:51 
** (( PM Jonathan Constantine to Arn: you went ghost )) ** at 11 June 17:53:11 
** (( PM Jonathan Constantine to Arn: yes )) ** at 11 June 17:54:59 
** (( PM Nazario Constantine to Hank James: Hanl )) ** at 12 June 14:30:46 
** (( PM Nazario Constantine to Hank James: Hank )) ** at 12 June 14:35:28 
** (( PM Hank James to Nazario Constantine: yes brother )) ** at 12 June 14:35:41 
** (( PM Nazario Constantine to Hank James: 10 Set my name to Zhang )) ** at 12 June 14:37:47 
** (( PM Nazario Constantine to Hank James: and set my level to 50 or sth )) ** at 12 June 14:38:02 
** (( PM Hank James to Nazario Constantine: admin name? )) ** at 12 June 14:38:04 
** (( PM Nazario Constantine to Hank James: Yes if you'd like, or make it Zhang_Jong )) ** at 12 June 14:38:35 
** (( PM Zhang Jong to Hank James: my level to 17 )) ** at 12 June 14:39:02 
** (( PM Zhang Jong to Hank James: Thank you, from today on, I'm Zhang. )) ** at 12 June 14:39:33 
** (( PM Zhang Jong to Hank James: Not Nazario. )) ** at 12 June 14:39:38 
** (( PM Hank James to Zhang Jong: aight brother )) ** at 12 June 14:39:51 
** (( PM Zhang Jong to Jonathan Constantine: come )) ** at 12 June 19:24:46 
** (( PM Zhang Jong to Jonathan Constantine: come )) ** at 12 June 19:25:01 
