{FF6347}SERVER: John Constantine was banned by ANTICHEAT, reason: Hacked Minigun detected. (13220 hackers banned)
{FF6347}SERVER: Smrdi Tipero was banned by ANTICHEAT, reason: Hacked Desert Eagle detected. (13220 hackers banned)
{FF6347}SERVER: Emily Minters was banned by ANTICHEAT, reason: Hacked TEC9 detected. (13220 hackers banned)
{FF6347}SERVER: Jimmy Anderson was banned by ANTICHEAT, reason: Hacked Bomb detected. (13220 hackers banned)
{FF6347}SERVER: Yaya Flelds was banned by ANTICHEAT, reason: Hacked Desert Eagle detected. (13220 hackers banned)
{FF6347}SERVER: Emma Murphy was banned by ANTICHEAT, reason: Hacked Desert Eagle detected. (13220 hackers banned)
{FF6347}SERVER: Jake Leone was banned by ANTICHEAT, reason: Hacked Desert Eagle detected. (13221 hackers banned)
{FF6347}SERVER: Cesar Thompson was banned by ANTICHEAT, reason: Hacked Jetpack detected. (13222 hackers banned)
{FF6347}SERVER: Gerald Jenkins was banned by ANTICHEAT, reason: Hacked Desert Eagle detected. (13223 hackers banned)
{FF6347}SERVER: Xavier Rojas was banned by ANTICHEAT, reason: Hacked Desert Eagle detected. (13220 hackers banned)
{FF6347}SERVER: Megan Hartfield was banned by ANTICHEAT, reason: Hacked Chainsaw detected. (13220 hackers banned)
{FF6347}SERVER: Parsuut Agwhayzed was banned by ANTICHEAT, reason: Hacked Desert Eagle detected. (13220 hackers banned)
{FF6347}SERVER: Hathan Narding was banned by ANTICHEAT, reason: Hacked M4 detected. (13221 hackers banned)
{FF6347}SERVER: Dante Damico was banned by ANTICHEAT, reason: Hacked Silenced Pistol detected. (13220 hackers banned)
{FF6347}SERVER: Rzigh Njang was banned by ANTICHEAT, reason: Hacked M4 detected. (13220 hackers banned)
{FF6347}SERVER: Argus Griffin was banned by ANTICHEAT, reason: Hacked Jetpack detected. (13220 hackers banned)
{FF6347}SERVER: Argus Griffin was banned by ANTICHEAT, reason: Hacked Rocket Launcher detected. (13221 hackers banned)
{FF6347}SERVER: Sean Ripol was banned by ANTICHEAT, reason: Hacked Jetpack detected. (13222 hackers banned)
{FF6347}SERVER: Sean Ripol was banned by ANTICHEAT, reason: Hacked Jetpack detected. (13223 hackers banned)
{FF6347}SERVER: Hayden Pink was banned by ANTICHEAT, reason: Hacked Jetpack detected. (13220 hackers banned)
{FF6347}SERVER: Scott Arceneaux was banned by ANTICHEAT, reason: Hacked Knife detected. (13220 hackers banned)
{FF6347}SERVER: Alexander Soprano was banned by ANTICHEAT, reason: Hacked Jetpack detected. (13221 hackers banned)
{FF6347}SERVER: Jit Wellinton was banned by ANTICHEAT, reason: Hacked Shotgun detected. (13220 hackers banned)
