AdmCmd: Adam Walker was kicked by Jessa Erosel, reason: make an admin acc (4-28-2019).
AdmCmd: nfk.newblood was kicked by Jessa Erosel, reason: get a rp name (4-28-2019).
AdmCmd: Juan Fernandes was kicked by Bruce, reason: . (4-30-2019).
AdmCmd: Nick Deverson was kicked by Shadow, reason: No (4-30-2019).
AdmCmd: Alen Jackson was kicked by Jessa Erosel, reason: relog (5-1-2019).
AdmCmd: Walker was kicked by Jessa Erosel, reason: fired... (5-1-2019).
AdmCmd: SouL MortaL was kicked by Jessa Erosel, reason: get a rp name (5-2-2019).
AdmCmd: Adam Walker was kicked by Jessa Erosel, reason: yeah caps off (5-2-2019).
AdmCmd: Richmond Valentin was kicked by Jessa Erosel, reason: yeah caps off (5-2-2019).
AdmCmd: Jaxy Playa was kicked by Jessa Erosel, reason: make a new acc (5-2-2019).
AdmCmd: Joris Bolt was kicked by Jaxy, reason: Respect (5-2-2019).
AdmCmd: Akib Khan was kicked by Jessa, reason: bugged (5-3-2019).
AdmCmd: Oliver Dice was kicked by Shadow, reason: relog (5-3-2019).
AdmCmd: Julius Seven was kicked by Jaxy, reason: go from prisoned acc first (5-3-2019).
AdmCmd: Joris Bolt was kicked by Jaxy, reason: Respect (5-3-2019).
AdmCmd: Ray Giorardo was kicked by Hank James, reason: GIORARDO (5-4-2019).
AdmCmd: Luigi Giancana was kicked by Jaxy, reason: Teaming (5-5-2019).
AdmCmd: RemovedAccount1 was kicked by Shadow, reason: Log into Yaya_Fields (5-6-2019).
AdmCmd: Felix Peterson was kicked by Constantine, reason: I prisoned you for a reason, go serve your time (5-8-2019).
AdmCmd: Michael Foreman was kicked by Constantine, reason: Calm the hell down (5-8-2019).
AdmCmd: Richie Gambino was kicked by Jaxy, reason: Get from your own acc. (5-8-2019).
AdmCmd: Cole Beni was kicked by Constantine, reason: Serve your prison time on Bos_Vani (5-8-2019).
AdmCmd: Richie Gambino was kicked by Constantine, reason: No. (5-8-2019).
AdmCmd: Sean Ripol was kicked by Jessa Busy, reason: has to log (5-9-2019).
AdmCmd: Billy Rosewood was kicked by Constantine, reason: ok (5-9-2019).
AdmCmd: Markos Warmington was kicked by Constantine, reason: Come back when you're calm (5-9-2019).
AdmCmd: Felix Peterson was kicked by Constantine, reason: Come back when you're calm (5-9-2019).
AdmCmd: Joris Bolt was kicked by Constantine, reason: Ok (5-10-2019).
AdmCmd: Jax Bolt was kicked by Constantine, reason: ok (5-10-2019).
AdmCmd: Jimmy Anderson was kicked by Jessa, reason: cool off with your constant caps (5-10-2019).
AdmCmd: Kevin Kingston was kicked by Constantine, reason: stop it (5-10-2019).
AdmCmd: Amir Mulner was kicked by Constantine, reason: ok (5-10-2019).
AdmCmd: Michael Foreman was kicked by Trump, reason: Stop it (5-10-2019).
AdmCmd: Settimo Accardi was kicked by Trump, reason: You too (5-10-2019).
AdmCmd: Settimo Accardi was kicked by Trump, reason: Stop (5-10-2019).
AdmCmd: Felix Peterson was kicked by Constantine, reason: Better watch your language (5-11-2019).
AdmCmd: Edward Andrews was kicked by Constantine, reason: Keep insulting me and you'll get banned (5-11-2019).
AdmCmd: Tyrone Guccie was kicked by Jessa, reason: fuck off with yoru caps (5-11-2019).
AdmCmd: Danny Col was kicked by Jessa, reason: log off (5-11-2019).
AdmCmd: Breston Royal was kicked by Jessa Erosel, reason: unattended boombox (5-12-2019).
AdmCmd: Richard Gambino was kicked by Hank James, reason: CALM DOWN (5-12-2019).
AdmCmd: Kevin Kingston was kicked by Constantine, reason: no u (5-12-2019).
AdmCmd: Niv Gastro was kicked by Constantine, reason: stop shooting (5-12-2019).
AdmCmd: Dragus Armarti was kicked by Constantine, reason: stop I said (5-12-2019).
AdmCmd: Lamonte Ronald was kicked by Constantine, reason: Serve your prison time on main Rondo_Fields (5-13-2019).
AdmCmd: Rachel Winchester was kicked by Jessa Chapman, reason: turn off ur pc.... (5-13-2019).
AdmCmd: Michael Crawford was kicked by Ethan, reason: Calm the hell down (5-13-2019).
AdmCmd: Richard Gambino was kicked by Constantine, reason: Calm down first (5-13-2019).
AdmCmd: Kevin Kingston was kicked by Constantine, reason: Watch your language (5-13-2019).
AdmCmd: Freaky Forester was kicked by Constantine, reason: Serve your prison time - Emily Winters (5-14-2019).
AdmCmd: Richard Gambino was kicked by Constantine, reason: Don't call me a liar when you don't know what I'm doing (5-14-2019).AdmCmd: Alexander McKluskey was kicked by Shadow, reason: Spamming (5-14-2019).
AdmCmd: Vinnie Harper was kicked by Ethan, reason: NO! (5-14-2019).
AdmCmd: Ethan Motherfucker was kicked by Ethan, reason: . (5-14-2019).
AdmCmd: Ethan Prick was kicked by Ethan, reason: Last Chance (5-14-2019).
AdmCmd: Akib Khan was kicked by Constantine, reason: u too (5-15-2019).
AdmCmd: Dragus Armarti was kicked by Constantine, reason: Stop that (5-15-2019).
AdmCmd: Chris Ruggiero was kicked by Constantine, reason: Stop (5-15-2019).
AdmCmd: Alexander McKluskey was kicked by Constantine, reason: Watch it. (5-15-2019).
AdmCmd: Dominic Heimdall was kicked by Jonathan Constantine, reason: Shut it (5-15-2019).
AdmCmd: Dominic Heimdall was kicked by Jonathan Constantine, reason: slap this (5-15-2019).
AdmCmd: Alvin Harper was kicked by Jonathan Constantine, reason: okay (5-15-2019).
AdmCmd: Niv Gastro was kicked by Jonathan Constantine, reason: Sotp (5-15-2019).
AdmCmd: Dominic Heimdall was kicked by Jonathan Constantine, reason: Stop it (5-16-2019).
AdmCmd: Rob Smalls was kicked by Jessa Winters, reason: calm your tits (5-16-2019).
AdmCmd: Rob Smalls was kicked by Jonathan Constantine, reason: Last warning (5-16-2019).
AdmCmd: Diontray Fields was kicked by Otter, reason: Serve your time. (5-16-2019).
AdmCmd: Diontray Fields was kicked by Otter, reason: Serve your time. (5-16-2019).
AdmCmd: Diontray Fields was kicked by Otter, reason: Serve your time. (5-16-2019).
AdmCmd: Diontray Fields was kicked by Otter, reason: Serve your time.. (5-16-2019).
AdmCmd: Semion Mogilevich was kicked by Otter, reason: Serve your time (5-17-2019).
AdmCmd: Khaaen Rico was kicked by Jaxy, reason: Impersonating, use other name. (5-17-2019).
AdmCmd: Felix Peterson was kicked by Otter, reason: . (5-17-2019).
AdmCmd: Julius Seven was kicked by Otter, reason: . (5-17-2019).
AdmCmd: Lucifer Ramirez was kicked by Jonathan Constantine, reason: No its dont always be like that (5-17-2019).
AdmCmd: Jonathan Constantine was kicked, reason: Attempting to kick admin Shadow (5-17-2019).
AdmCmd: Michael Johns was kicked by Otter, reason: serve ur time  (5-17-2019).
AdmCmd: Michael Johns was kicked by Otter, reason: serve ur time (5-17-2019).
AdmCmd: Dragus Armarti was kicked by Ethan, reason: Watch your words. (5-17-2019).
AdmCmd: Tiequon Washington was kicked by Rudolf Meyers, reason: MG (5-17-2019).
AdmCmd: Nathaniel Broadus was kicked by Jaxy, reason: Login from main account. (5-17-2019).
AdmCmd: Nathaniel Broadus was kicked by Akib James, reason: Main account please. (5-17-2019).
AdmCmd: Nathaniel Broadus was kicked by Akib James, reason: Main account please. (5-17-2019).
AdmCmd: Felix Peterson was kicked by Jonathan Constantine, reason: Watch your words mate (5-17-2019).
AdmCmd: Jayceon Cole was kicked by Akib James, reason: Mind your language sir. (5-17-2019).
AdmCmd: Charles Miller Jr was kicked by Akib James, reason: Bugged, please relog. (5-17-2019).
AdmCmd: Charles Miller Jr was kicked by Akib James, reason: server your time sir. (5-17-2019).
AdmCmd: Michael Johns was kicked by Akib James, reason: Please serve your time. (5-17-2019).
AdmCmd: Michael Johns was kicked by Akib James, reason: Login with Tesa_Steel (5-17-2019).
AdmCmd: Michael Johns was kicked by Ethan, reason: Last Warning. (5-17-2019).
AdmCmd: Amanda Grimes was kicked by Akib James, reason: Another account - Ban [Jayceon_Cole] (5-17-2019).
AdmCmd: Michael Johns was kicked by Akib James, reason: Please login with Tesa_Steel acount. (5-17-2019).
AdmCmd: Felix Peterson was kicked by Ethan, reason: You too. (5-17-2019).
AdmCmd: Joe Romano was kicked by Jonathan Constantine, reason: Stop shooting (5-17-2019).
AdmCmd: Chris Coussons was kicked by Jonathan Constantine, reason: Serve your prison time (5-17-2019).
AdmCmd: Chris Coussons was kicked by Akib James, reason: Please server time first [James_Cairns] (5-17-2019).
AdmCmd: Joseph Allen was kicked by Jessa Erosel, reason: caps (5-18-2019).
AdmCmd: Dropped was kicked by Otter, reason: Manners (5-18-2019).
AdmCmd: Felix Peterson was kicked by Ethan, reason: Serve your prison time [Charles_Miller_Jr]. (5-18-2019).
AdmCmd: DaftPunk Bifo was kicked by Otter, reason: Get a realistic name. (5-18-2019).
AdmCmd: Stal In was kicked by Jessa Erosel, reason: get a realistic name (5-18-2019).
AdmCmd: Big Smoke was kicked by Jessa Erosel, reason: fuck off (5-18-2019).
AdmCmd: Sweet Johnson was kicked by Jessa Erosel, reason: enough (5-18-2019).
AdmCmd: Biggy Smoke was kicked by Jessa Erosel, reason: enough (5-18-2019).
AdmCmd: Winston Duke was kicked by Jonathan Constantine, reason: I'm talkng here (5-18-2019).
AdmCmd: Richard Ewell was kicked by Carminati, reason: None's forcing you to play here (5-19-2019).
AdmCmd: Dominic Heimdall was kicked by Jonathan Constantine, reason: you off (5-19-2019).
AdmCmd: Joris Bolt was kicked by Otter, reason: beahve (5-19-2019).
AdmCmd: Charles Miller Jr was kicked by Ethan, reason: Caps. (5-19-2019).
AdmCmd: Mitrixsen Moderator was kicked by Jonathan Constantine, reason: Get a proper roleplay name (5-19-2019).
AdmCmd: Usama Bin Ladin was kicked by Jonathan Constantine, reason: Trolling. (5-19-2019).
AdmCmd: Usama Bin Ladin was kicked by Jonathan Constantine, reason: Last Warnirg. (5-19-2019).
AdmCmd: Callum Thompson was kicked by Jonathan Constantine, reason: Fired (5-19-2019).
AdmCmd:  g4llardo  was kicked by Jessa Erosel, reason: rp name pls (5-19-2019).
AdmCmd: Callum Thompson was kicked by Jessa Erosel, reason: now you dont, thats for sure (5-19-2019).
AdmCmd: Lucifer Armarti was kicked by Jonathan Constantine, reason: bye (5-19-2019).
AdmCmd: Heidi Stone was kicked by Jonathan Constantine, reason: Stop that (5-19-2019).
AdmCmd: Bugs Bunny was kicked by Jonathan Constantine, reason: Get a proper name (5-19-2019).
AdmCmd: Dj Marshmellow was kicked by Birla Ambani, reason: change name (5-20-2019).
AdmCmd: Brooking Esex Huh was kicked by Jessa Erosel, reason: . (5-20-2019).
AdmCmd: Dominic Heimdall was kicked by Jonathan Constantine, reason: I asked a serious question (5-20-2019).
AdmCmd: Vincent Geddes was kicked by Jessa Erosel, reason: whispering over 10 meters (5-20-2019).
AdmCmd: Leonardo Murphy was kicked by , reason: . (5-20-2019).
AdmCmd: Chitorasti Chubasti was kicked by Otter, reason: calm down m8 (5-20-2019).
AdmCmd: Jacob Hall was kicked by Akib James, reason: Mind language next time. (5-21-2019).
AdmCmd: Georgy Zhukov was kicked by Otter, reason: serve ur time (5-21-2019).
AdmCmd: Joziah Cook was kicked by Jessa Erosel, reason: wrong id (5-21-2019).
AdmCmd: Cole Benny was kicked by Jessa Erosel, reason: go to Bos Vani to serve ur prison before ban (5-21-2019).
AdmCmd: Richard Gambino was kicked by Otter, reason: Calm down man (5-21-2019).
AdmCmd: Georgy Zhukov was kicked by Otter, reason: Calm down man (5-21-2019).
AdmCmd: Adam Weishaupt was kicked by Akib James, reason: Behave. (5-22-2019).
AdmCmd: Jamal Compton was kicked by Ethan, reason: Calm the hell down. (5-22-2019).
AdmCmd: Emiliano Reyes was kicked by Jonathan Constantine, reason: Serve your prison time (Violet_Reynolds) (5-22-2019).
AdmCmd: Vinny Meadows was kicked by Carry Minati, reason: Serve your time. (5-23-2019).
AdmCmd: Marie Bonaparte was kicked by Jonathan Constantine, reason: stop it fag (5-23-2019).
AdmCmd: FUCK CONSTANTINE was kicked by Jonathan Constantine, reason: Fuck you too (5-23-2019).
AdmCmd: Old Constantine was kicked by Jonathan Constantine, reason: Change that shit (5-23-2019).
AdmCmd: Young Constantine was kicked by Jonathan Constantine, reason: You too (5-23-2019).
AdmCmd: Ivan Diaz was kicked by Jonathan Constantine, reason: Stop (5-23-2019).
AdmCmd: Abraham Gastro was kicked by Jonathan Constantine, reason: Stop doing that (5-23-2019).
AdmCmd: Dragus Armarti was kicked by Jonathan Constantine, reason: . (5-24-2019).
AdmCmd: Luther Cold was kicked by Jonathan Constantine, reason: Watch that mouth of yours (5-24-2019).
AdmCmd: Marshmello Comstock was kicked by Joseph Ruggiero, reason: serve your time sir. (5-24-2019).
AdmCmd: Marshmello Comstock was kicked by Joseph Ruggiero, reason: Serve your time sir. (5-24-2019).
AdmCmd: Marshmello Comstock was kicked by Joseph Ruggiero, reason: Serve your time sir. (5-24-2019).
AdmCmd: Alicia Hamilton was kicked by Jonathan Constantine, reason: stop k darling? (5-24-2019).
AdmCmd: Cesar Vialpando was kicked by Jonathan Constantine, reason: Serve your prison time on your alt (5-24-2019).
AdmCmd: Dominic Heimdall was kicked by Jonathan Constantine, reason: english bruv? (5-24-2019).
AdmCmd: Callum Thompson was kicked by Jonathan Constantine, reason: Abuse (5-24-2019).
AdmCmd: Daniel Hernandez was kicked by Joseph Ruggiero, reason: Serve your time sir. (5-24-2019).
AdmCmd: Daniel Hernandez was kicked by Agent Hunt, reason: Serve your prison time (5-24-2019).
AdmCmd: Daniel Hernandez was kicked by Nigga, reason: Serve your time in main. (5-24-2019).
AdmCmd: Tesa Steel was kicked by Joseph Ruggiero, reason: Serve your time. (5-24-2019).
AdmCmd: Cesar Vialpando was kicked by Jonathan Constantine, reason: Watch your mouth (5-24-2019).
AdmCmd: Daniel Hernandez was kicked by Ethan, reason: Serve your prisone time [Diontray_Fields]. (5-24-2019).
AdmCmd: Paul DeLuca was kicked by Joseph Ruggiero, reason: Behave. (5-25-2019).
AdmCmd: Paul DeLuca was kicked by Khalid Mehrab, reason: behave please next time. (5-25-2019).
AdmCmd: Jordan McKnights was kicked by Jaxy, reason: Serve your prison time on another account. (5-25-2019).
AdmCmd: Jordan McKnights was kicked by Jaxy, reason: Your another acc is prisoned Luther_Cold (5-25-2019).
AdmCmd: Otter was kicked by Jonathan Constantine, reason: You too (5-25-2019).
AdmCmd: Daniel Hernandez was kicked by Jonathan Constantine, reason: excues me? (5-25-2019).
AdmCmd: Ted Thompson was kicked by Carry Minati, reason: Serve your time. (5-25-2019).
AdmCmd: Unknown Guy was kicked by Carry Minati, reason: Invalid RP Name. (5-25-2019).
AdmCmd: Cesar Vialpando was kicked by Jonathan Constantine, reason: Watch that mouth (5-25-2019).
AdmCmd: Dominic Heimdall was kicked by Jonathan Constantine, reason: Stop shooting (5-25-2019).
AdmCmd: Joseph Transoi was kicked by Jonathan Constantine, reason: Stop car ramming (5-25-2019).
AdmCmd: Anthony Heimdall was kicked by Jonathan Constantine, reason: I FUCKING SAID STOP (5-26-2019).
AdmCmd: Gonzalo Aitken was kicked by Anha Smith, reason: Please serve your prison time first. (5-26-2019).
AdmCmd: Hakeem Acosta was kicked by Jonathan Constantine, reason: STOP IT (5-26-2019).
AdmCmd: Jay Knights was kicked by Ethan, reason: Server you prison time [Jason_Knights]. (5-26-2019).
AdmCmd: Peter Pettigrew was kicked by Ethan, reason: Server you prison time on [Oscar_Rubie]. (5-26-2019).
AdmCmd: Abimbola Lugubelenus was kicked by Jonathan Constantine, reason: ATIP (5-26-2019).
AdmCmd: Tony Smith was kicked by Khan Jahan Ali, reason: Serve time first. (5-27-2019).
AdmCmd: Lia Rose was kicked by Khan Jahan Ali, reason: Relog (5-27-2019).
AdmCmd: Antonio Vargas was kicked by Khan Jahan Ali, reason: Serve time. (5-27-2019).
AdmCmd: Dragus Armarti was kicked by Jonathan Constantine, reason: You need to calm down (5-27-2019).
AdmCmd: Mark Black was kicked by Jonathan Constantine, reason: bye (5-27-2019).
AdmCmd: Denak Waller was kicked by Otter, reason: serve yo time mane (5-27-2019).
AdmCmd: Al Capone was kicked by Jonathan Constantine, reason: Shut up (5-28-2019).
AdmCmd: Michael Griffin was kicked by Jonathan Constantine, reason: stop punching me ok james (5-28-2019).
AdmCmd: Antonio Vargas was kicked by Otter, reason: Serve your time. (5-28-2019).
AdmCmd: Erdem Johnson was kicked by Jonathan Constantine, reason: I am (5-28-2019).
AdmCmd: Diesel Je was kicked by Shadow, reason: serve ur time Diesel_Gastro (5-28-2019).
AdmCmd: Joseph Transoi was kicked by Jonathan Constantine, reason: Yeah calm (5-28-2019).
AdmCmd: Joseph Transoi was kicked by Jonathan Constantine, reason: stop spamming (5-28-2019).
AdmCmd: Roberto Villegas was kicked by Jonathan Constantine, reason: sto pit (5-28-2019).
AdmCmd: Chris Woakes was kicked by Arn, reason: No Team Killing (5-28-2019).
AdmCmd: Diesel Gastro was kicked by Otter, reason: serve ur time (5-28-2019).
AdmCmd: Ted Espinosa was kicked by Jessa Erosel, reason: ATIP (5-29-2019).
AdmCmd: Ezi Royal was kicked by Joe, reason: ATIP. (5-29-2019).
AdmCmd: Roberto Villegas was kicked by joe, reason: Disrespect me again and you'll be banned. (5-29-2019).
AdmCmd: Joseph Transoi was kicked by Joe, reason: Chill out and come back. (5-29-2019).
AdmCmd: Antonio Vargas was kicked by Joe, reason: No. (5-29-2019).
AdmCmd: Dante Ocana was kicked by Joe, reason: No event for you. (5-30-2019).
AdmCmd: Daniel Hernandez was kicked by James Parker, reason: Cut that (5-30-2019).
AdmCmd: Daniel Hernandez was kicked by Joe, reason: Behave please. (5-30-2019).
AdmCmd: Joe was kicked by Jonathan Constantine, reason: stop spamming (5-30-2019).
AdmCmd: Antonio Vargas was kicked by Jonathan Constantine, reason: Calm down and probably make a complaint appeal (5-30-2019).
AdmCmd: Timmy Turner was kicked by Jonathan Constantine, reason: yeah well you did it (5-30-2019).
AdmCmd: Timmy Turner was kicked by Jonathan Constantine, reason: Yes rude, dont get me mad (5-30-2019).
AdmCmd: Timmy Turner was kicked by Jonathan Constantine, reason: get your ass outta here (5-30-2019).
AdmCmd: Jack Idris was kicked by Jonathan Constantine, reason: here son (5-30-2019).
AdmCmd: Antonio Vargas was kicked by Joe, reason: Calm down mate (5-30-2019).
AdmCmd: Barricade was kicked by Jonathan Constantine, reason: idiot (5-30-2019).
AdmCmd: Daniel Hernandez was kicked by Joe, reason: SPAM. (5-30-2019).
AdmCmd: Kid Constantine was kicked by Jonathan Constantine, reason: Wow (5-31-2019).
AdmCmd: Tupac Shakur was kicked by Jessa Erosel, reason: you yourself are idiot (6-1-2019).
AdmCmd: Cleopatra Cassanova was kicked by Jonathan Constantine, reason: No (6-1-2019).
AdmCmd: Tracy Beaker was kicked by Jonathan Constantine, reason: yeah stop sir (6-1-2019).
AdmCmd: Yuri Raznov was kicked by Shadow, reason: AD (6-1-2019).
AdmCmd: Call Me was kicked by Shadow, reason: Name_Surname (6-1-2019).
AdmCmd: Yuri Raznov was kicked by Tracy, reason: o (6-1-2019).
AdmCmd: Tracy was kicked by Shadow, reason: /bigup (6-1-2019).
AdmCmd: Rico Khan was kicked by Shadow, reason: spamming (6-1-2019).
AdmCmd: Jericho Lorieno was kicked by Tracy, reason: make another acount (6-1-2019).
AdmCmd: Frank Thompson was kicked by Joe, reason: admin disrespect, first warning (6-1-2019).
AdmCmd: Abraham Gastro was kicked by Arn, reason: Cut the spam (6-1-2019).
AdmCmd: Mehmet Sinani was kicked by James Parker, reason: Serve your admin punishment before you get banned [Daniel_Hernandez] AdmCmd: Memet Sinani was kicked by James Parker, reason: Serve your time [Daniel_Hernandez] (6-1-2019).
AdmCmd: Callum was kicked by Joe, reason: get out. (6-2-2019).
AdmCmd: Callum was kicked by Shadow, reason: Admin team purged - Ask hank or constantine to reinstate (6-2-2019).
AdmCmd: James Parker was kicked by Shadow, reason: Admin team purged - -||- (6-2-2019).
AdmCmd: Arn Fuckberg was kicked by Melvin, reason: Change your name. (6-2-2019).
AdmCmd: Dragus was kicked, reason: Attempting to kick admin Jessa Erosel (6-2-2019).
AdmCmd: Ivan Malenkov was kicked by Dragus, reason: Pull that back (6-2-2019).
AdmCmd: Otter was kicked by Constantine, reason: Hank didnt approve (6-2-2019).
AdmCmd: Terenzio Bradshaw was kicked by Dragus, reason: Weps in event (6-2-2019).
AdmCmd: Reece Sawano was kicked by Lance, reason: Weapons in event (6-2-2019).
AdmCmd: Vito Heiler Jr was kicked by Constantine, reason: Shush (6-2-2019).
AdmCmd: Nazario Gonzalez was kicked by Constantine, reason: You too (6-2-2019).
AdmCmd: Dragus was kicked by Constantine, reason: You too (6-2-2019).
AdmCmd: Rodney Knox was kicked by Dragus, reason: MG (6-3-2019).
AdmCmd: Nathan Garin was kicked by Dragus, reason: Quit abusing report. (6-3-2019).
AdmCmd: Frankie Polo was kicked by Dragus Armarti, reason: report abuse (6-3-2019).
AdmCmd: Drini Casanova was kicked by Agent Takeda, reason: Stop abusing report (6-3-2019).
AdmCmd: Roberto Jaxkks was kicked by Dragus Armarti, reason: Report abuse (6-3-2019).
AdmCmd: Roberto Jaxkks was kicked by Lance, reason: Quit begging on /report, you're eligible for a refund if you have a legit /AdmCmd: Roberto Jaxkks was kicked by Dragus Armarti, reason: Leave (6-3-2019).
AdmCmd: Free Sj was kicked by Constantine, reason: Get a proper ROLEPLAY name (6-3-2019).
AdmCmd: Roberto Jaxkks was kicked by Dragus Armarti, reason: STOP SPAMMING REPORT (6-3-2019).
AdmCmd: Edgar Compton was kicked by Dragus Armarti, reason: cunt (6-4-2019).
AdmCmd: Richard Gambino was kicked by Dragus Armarti, reason: Random shooting (6-4-2019).
AdmCmd: Michael Garland was kicked by Dragus Armarti, reason: Random shooting (6-4-2019).
AdmCmd: Vito Heiler Jr was kicked by Dragus Armarti, reason: Stupid af (6-4-2019).
AdmCmd: Michael Garland was kicked by Dragus Armarti, reason: MG (6-4-2019).
AdmCmd: Vito Heiler Jr was kicked by Dragus Armarti, reason: I told you .. (6-4-2019).
AdmCmd: Frankie Polo was kicked by Dragus Armarti, reason: Stop abusing report. (6-4-2019).
AdmCmd: Michael Garland was kicked by Dragus Armarti, reason: Cut the caps. (6-4-2019).
AdmCmd: Michael Garland was kicked by Dragus Armarti, reason: Cut the caps, next time its prisno. (6-4-2019).
AdmCmd: Luko Kristov was kicked by Lance, reason: /report abuse, I said no. (6-4-2019).
AdmCmd: Frankie Polo was kicked by Lance, reason: Serve your prison time on Marcus_Bolt (6-4-2019).
AdmCmd: Callme Later was kicked by Constantine, reason: ID 11 said kick him (6-5-2019).
AdmCmd: Callme Later was kicked by Constantine, reason: stop it (6-5-2019).
AdmCmd: Michael Garland was kicked by Dragus Armarti, reason: Random shooting (6-5-2019).
AdmCmd: Richard Gambino was kicked by Dragus Armarti, reason: Random shooting (6-5-2019).
AdmCmd: Tyler Khan was kicked by Dragus Armarti, reason: Stop it (6-5-2019).
AdmCmd: Vito Heiler Jr was kicked by Constantine, reason: Shut the hell up (6-5-2019).
AdmCmd: Angelo Musitano was kicked by Constantine, reason: STOP (6-5-2019).
AdmCmd: Richard Gambino was kicked by Callum, reason: dude stop (6-6-2019).
AdmCmd: Mister Twat was kicked by Josef Hudson, reason: No (6-6-2019).
AdmCmd: Ethan Hawke was kicked by Ethan, reason: Fake (6-6-2019).
AdmCmd: Alex Hales was kicked by Dragus Armarti, reason: Stop PMing me (6-6-2019).
AdmCmd: Missy Purrington was kicked by Dragus Armarti, reason: Fuck off (6-6-2019).
AdmCmd: Joe Winton was kicked by Dragus Armarti, reason: Fuck off (6-6-2019).
AdmCmd: Melvin Harris was kicked by Dragus Armarti, reason: Fuck off (6-6-2019).
AdmCmd: Bob Gold was kicked by Dragus Armarti, reason: Fuck off (6-6-2019).
AdmCmd: Dylan Murks was kicked by Dragus Armarti, reason: Fuck off (6-6-2019).
AdmCmd: Tab Riggs was kicked by Dragus Armarti, reason: Fuck of (6-6-2019).
AdmCmd: Stacey Suxx was kicked by Dragus Armarti, reason: Fuck off (6-6-2019).
AdmCmd: Stacey Suxx was kicked by Dragus Armarti, reason: . (6-6-2019).
AdmCmd: Rodney Knox was kicked by Jonathan Constantine, reason: . (6-6-2019).
AdmCmd: Tempest was kicked by Joey Alvarado, reason: . (6-6-2019).
AdmCmd: Richard Gambino was kicked by Dragus Armarti, reason: Okay you wont (6-6-2019).
AdmCmd: Settimo Accardi was kicked by Tempest, reason: No, missed your chance. (6-6-2019).
AdmCmd: Richard Gambino was kicked by Tempest, reason: No, cool down. (6-6-2019).
AdmCmd: Frank Thompson was kicked by Dragus Armarti, reason: relog (6-7-2019).
AdmCmd: Jeffrey Cross was kicked by Dragus Armarti, reason: Report abse (6-7-2019).
AdmCmd: Jeffrey Cross was kicked by Dragus Armarti, reason: Report abuse (6-7-2019).
AdmCmd: Rey Murphy was kicked by Dragus Armarti, reason: Anim abuse (6-7-2019).
AdmCmd: Chris DeSimone was kicked by Dragus Armarti, reason: obv. no anims usage in events (6-7-2019).
AdmCmd: Michael Crawford was kicked by Dragus Armarti, reason: Random shooting (6-7-2019).
AdmCmd: Felix Peterson was kicked by Dragus Armarti, reason: No, dont abuse report (6-7-2019).
AdmCmd: Felix Peterson was kicked by Dragus Armarti, reason: Next time I'll ban you (6-7-2019).
AdmCmd: Dragus Armarti was kicked by Director Hunt, reason: ok (6-7-2019).
AdmCmd: Anthony Chigs was kicked by Dragus Armarti, reason: Ok (6-7-2019).
AdmCmd: Jeffrey Cross was kicked by Dragus Armarti, reason: Report abuse (6-7-2019).
AdmCmd: Skully Playa was kicked by Tempest, reason: /report Abuse. (6-7-2019).
AdmCmd: Dylan Winchester was kicked by Dragus Armarti, reason: Ty (6-8-2019).
AdmCmd: Tupac Shakur was kicked by Dragus Armarti, reason: Sure (6-8-2019).
AdmCmd: Nazrios Butt Plug was kicked by Jonathan Constantine, reason: ok (6-8-2019).
AdmCmd: Jeffrey Cross was kicked by Nazario, reason: Chill man. (6-8-2019).
AdmCmd: Frank Thompson was kicked by Dragus Armarti, reason: You are not (6-8-2019).
AdmCmd: Tupac Shakur was kicked by Dragus Armarti, reason: Back to prison MC (6-8-2019).
AdmCmd: Dragus Armarti was kicked by Dragus Armarti, reason: Insult me again I beg you (6-8-2019).
AdmCmd: Michael Garland was kicked by Dragus Armarti, reason: Stop abusing report (6-8-2019).
AdmCmd: Michael Garland was kicked by Dragus Armarti, reason: Spam (6-8-2019).
AdmCmd: Argus Griffin was kicked by Nazario, reason: Ok (6-8-2019).
AdmCmd: Hermann Schneider was kicked by Dragus Armarti, reason: . (6-9-2019).
AdmCmd: Otto Osborn was kicked by Dragus Armarti, reason: . (6-9-2019).
AdmCmd: James Hawten was kicked by Dragus Armarti, reason: Ok (6-9-2019).
AdmCmd: Tempest was kicked by Dragus Armarti, reason: Yes you care (6-9-2019).
AdmCmd: Dylan Winchester was kicked by Dragus Armarti, reason: Okay (6-9-2019).
AdmCmd: Richard Gambino was kicked by Drago, reason: You can't lead LSPD, end of the discussion. (6-9-2019).
AdmCmd: Joris Bolt was kicked by Jaxy, reason: ok idiot (6-9-2019).
AdmCmd: Richard Gambino was kicked by Shadow, reason: WE SAID ONE /REPORT IS ENOUGH!!!! (6-9-2019).
AdmCmd: Malik Rashon was kicked by Dragus Armarti, reason: Report abuse (6-9-2019).
AdmCmd: Drini Casanova was kicked by Dragus Armarti, reason: Ask again, I beg you.. (6-9-2019).
AdmCmd: Lincon Burrows was kicked by Dragus Armarti, reason: Serve prisontime on main accout. (6-9-2019).
AdmCmd: Drini Casanova was kicked by Dragus Armarti, reason: Stop abusing report (6-9-2019).
AdmCmd: Jose Vargas was kicked by Dragus Armarti, reason: Relog (6-9-2019).
AdmCmd: Richard Gambino was kicked by Tempest, reason: Be patient. (6-10-2019).
AdmCmd: Pablo Ledezma was kicked by Tempest, reason: Massive Spam. (6-10-2019).
AdmCmd: Elizabeth Zane was kicked by Tempest, reason: Invalid Reports, Toxicity, Enough. (6-10-2019).
AdmCmd: Nazario Constantine was kicked by Alex Brook, reason: Troll (6-10-2019).
AdmCmd: Juan Vargas was kicked by Alex Brook, reason: Invalid Report, Excessive Spam/Troll, Enough. (6-10-2019).
AdmCmd: Carlos Perez was kicked by Marcus Downer, reason: Report abuse (6-10-2019).
AdmCmd: William Putter was kicked by Marcus Downer, reason: Report abuse (6-10-2019).
AdmCmd: Peter Seven was kicked by Marcus Downer, reason: Random shooting (6-10-2019).
AdmCmd: Lia Rose was kicked by Alex Brook, reason: Spam, enough. (6-10-2019).
AdmCmd: Lia Rose was kicked by Alex Brook, reason: I said enough (6-10-2019).
AdmCmd: Jose Vargas was kicked by Soldier X, reason: . (6-10-2019).
AdmCmd: Jax Bolt was kicked by Soldier X, reason: , (6-10-2019).
AdmCmd: Angelo Musitano was kicked by Soldier X, reason: No (6-10-2019).
AdmCmd: Carlos Perez was kicked by Soldier X, reason: no (6-10-2019).
AdmCmd: Nawfal Wayne was kicked by Soldier X, reason: . (6-10-2019).
AdmCmd: Chris DeSimone was kicked by Soldier X, reason: Last warning (6-10-2019).
AdmCmd: Emily Winters was kicked by Alex Brook, reason: I said serve your time. Enough. (6-10-2019).
AdmCmd: Juan Vargas was kicked by Alex Brook, reason: Nazario says you died too. (6-10-2019).
AdmCmd: Richard Gambino was kicked by Alex Brook, reason: So was this. (6-10-2019).
AdmCmd: Richard Gambino was kicked by Alex Brook, reason: Serve your time on Juan. (6-10-2019).
AdmCmd: Juan Vargas was kicked by Dragus Armarti, reason: Language (6-10-2019).
AdmCmd: Richard Gambino was kicked by Dragus Armarti, reason: Not wrong ID (6-10-2019).
AdmCmd: Richard Gambino was kicked by Dragus Armarti, reason: Report abuse (6-10-2019).
AdmCmd: Otto Osborn was kicked by Dragus Armarti, reason: hahaha ok. (6-10-2019).
AdmCmd: Nazario Constantine was kicked by Alex Brook, reason: No Spamming it's Naughty (6-10-2019).
AdmCmd: Pablo Ledezma was kicked by Alex Brook, reason: Cool off, then come back. (6-10-2019).
AdmCmd: Pablo Carione was kicked by Nazario Constantine, reason: Fix your language. (6-11-2019).
AdmCmd: Tonny DiCaprio was kicked by Nazario Constantine, reason: Desycned. (6-11-2019).
AdmCmd: Nazario Constantine was kicked by Jonathan Constantine, reason: stop it (6-11-2019).
AdmCmd: Juan Vargas was kicked by Ethan Hawke, reason: Serve you prison time on [Richard_Gambino]. (6-11-2019).
AdmCmd: Freddy Krueger was kicked by Pink, reason: Report Abuse (6-11-2019).
AdmCmd: Emily Winters was kicked by Alex Brook, reason: CUT THE SPAM (6-11-2019).
AdmCmd: Emily Winters was kicked by Alex Brook, reason: You shut up with the DISRESPECT! (6-11-2019).
AdmCmd: Edgar Compton was kicked by Nazario Constantine, reason: Not funny. (6-12-2019).
AdmCmd: Adam Weishaupt was kicked by Nazario Constantine, reason: I don't like shittalkers. (6-12-2019).
AdmCmd: Callum was kicked by Alex Brook, reason: Stop being a cunt ok (6-12-2019).
AdmCmd: Callum was kicked by Alex Brook, reason: No (6-12-2019).
AdmCmd: Lia Rose was kicked by Pink, reason: Do your time on your other account. (6-12-2019).
AdmCmd: John Constantine was kicked by Zhang Jong, reason: Go serve your prison time. (6-12-2019).
AdmCmd: Brace Johnson was kicked by Zhang Jong, reason: Go serve your prison time. (6-12-2019).
AdmCmd: Neari Smarts was kicked by Zhang Jong, reason: Go serve your prison time. (6-12-2019).
AdmCmd: Brace Johnson was kicked by Zhang Jong, reason: Go serve your prison time. (6-12-2019).
AdmCmd: Josh Miller was kicked by Alex Brook, reason: I said stop man (6-12-2019).
AdmCmd: Je Lee was kicked by Josh Miller, reason: stop (6-12-2019).
AdmCmd: Josh Miller was kicked by Alex Brook, reason: Fucked up my event >:( (6-12-2019).
AdmCmd: Je Lee was kicked by Alex Brook, reason: No. (6-12-2019).
AdmCmd: Josh Miller was kicked by Alex Brook, reason: FUCKING STOP (6-12-2019).
AdmCmd: Quantay Baskon was kicked by Pink, reason: Grow up. Stop abusing /report (6-12-2019).
AdmCmd: Josh Miller was kicked by Alex Brook, reason: Fuck off (6-12-2019).
AdmCmd: Emily Winters was kicked by Alex Brook, reason: no it ain't, sit your time ye? (6-12-2019).
AdmCmd: Emily Winters was kicked by Alex Brook, reason: I said event not esex (6-12-2019).
AdmCmd: James Hawten was kicked by Alex Brook, reason: I said stop (6-12-2019).
AdmCmd: Callum was kicked by Alex Brook, reason: stop (6-12-2019).
AdmCmd: Michael Crawford was kicked by Alex Brook, reason: Don't hit me cunt. (6-13-2019).
AdmCmd: Michael Crawford was kicked by Pink, reason: I said stop (6-13-2019).
