/MY Dragus Armarti's known for his saggy attitude. at 30 April 13:03:57
/MY Rodrigo Ramirez's already holding his department radio. at 30 April 17:22:12
/MY Joseph Ruthless's eyebrows goes higher. at 01 May 13:24:23
/MY Ima Kilya's fairly small jugs are nesting in her bra under a tight reddish blouse, like a set of pearls. at 01 May 15:57:19
/MY Ima Kilya's vagina is not exposed.. at 01 May 16:05:13
/MY Sean Ripol's tequila breath blows on Chloe's scruff. at 01 May 18:42:06
/MY Sean Ripol's completely oblivious to the topic of the ongoing convo. at 01 May 19:10:06
/MY Sean Ripol's sassy middle aged hispanic FBI Agent. at 01 May 19:11:55
/MY Dragus Armarti's also known for his sassy attitude. at 01 May 19:12:14
/MY Sean Ripol's grinds his teeth as his patience wears thin. at 02 May 06:51:26
/MY Jessa Erosel's body itches as she releases soft moans. at 02 May 07:45:28
/MY Jessa Erosel's cheeks would appear to be red as chilli pepper. at 02 May 07:47:27
/MY Jacob Lansky's a properly dressed, bespectacled accountant wearing a hand sewn Jewish yarmulke on his balding head. at 02 M
/MY Jacob Lansky's practically a human calculator. at 02 May 19:45:43
/MY Sean Ripol's virile cologne scent trails to the noses of the men surrounding him. It's woody and pungent. at 03 May 06:53:3
/MY Joseph Belucci's face is full of sillicone mask. at 03 May 11:09:42
/MY Joseph Belucci's face is full of sillicone mask. at 03 May 11:10:24
/MY Joseph Belucci's is full of silicone mask. at 03 May 11:12:48
/MY Joseph Belucci's leg is shot down by Bolts. at 03 May 12:46:12
/MY Thomas Bruetti's lips would turn into a slight smirk. at 03 May 14:47:44
/MY Mary Bloom's tone changes into a sarcastic one. at 03 May 22:03:14
/MY Jesse DeSimone's phone vibrates. at 03 May 22:06:36
/MY Joseph Belucci's face is full of silicone mask. at 04 May 06:28:51
/MY Callum Morrison's eyebrows raise at the response of Michael. at 04 May 18:36:26
/MY Randy Lahey's a sturdy middle-aged man with a loose button-up and suspenders holding his beer belly in. at 04 May 18:40:35
/MY Randy Lahey's a complete hypocrite when it comes to preaching about swear words. at 04 May 18:48:02
/MY Randy Lahey's a middle-aged sturdy man with a button-up and suspenders holding his beer belly. at 04 May 20:45:39
/MY Joseph Belucci's facial expression brightens up as he sees the cash holding by Niv. at 05 May 07:23:24
/MY Joseph Belucci's face is full of silicone mask. at 05 May 08:45:20
/MY Matteo Lombardi's tazer effects got worn off by now, he leaps forward to strangle Danny once more. at 05 May 12:17:20
/MY Kenji Fujikawa's ready to pull the trigger and kill anytime. at 05 May 12:25:29
/MY Frank Hughers's eyes lighten up upon noticing Shelley's body lying on the ground. at 05 May 13:20:07
/MY Randy Lahey's a middle-aged balding man, wearing a button-up and suspenders that hold his beer belly. at 05 May 14:47:07
/MY Rami Abutbul's a cranky Israeli with strong aftershave and a golden star of david necklace around his neck. at 05 May 15:17
/MY Rami Abutbul's anxious to move on with his scheduled day, he scowls and keeps checking his wrist watch. at 05 May 15:21:50
/MY Niv Gastro's attention was stolen by the cruiser. at 05 May 15:24:13
/MY Myka Laterza's head hits the wall at 05 May 17:59:45
/MY Michael Foreman's face goes to red. at 05 May 18:55:43
/MY Donald Trump's a billionarie. at 05 May 19:35:58
/MY Donald Trump's a billionarie. at 05 May 19:36:15
/MY Donald Trump's a billionarie. at 05 May 19:37:16
/MY Dragus Armarti's too fat for the party. at 05 May 19:39:40
/MY Jessica Stewart's conscious. at 06 May 15:33:08
/MY Jessica Stewart's got a few bruises across her body. at 06 May 15:33:25
/MY Kane Flores's doesn't know whats Frank talking about but still listening like he does. at 06 May 16:17:29
/MY Kane Flores's very talented and ambitious police officer. at 06 May 16:19:19
/MY Dragus Armarti's seems like he knows what's he doing. at 06 May 20:41:24
/MY Mary Bloom's head hits the window as she falls unconscious. at 07 May 13:44:39
/MY Mary Bloom's blood goes everywhere at 07 May 13:47:20
/MY Ryan Hill's outfit will get covered in blood as I proceed chopping through the corpse. at 07 May 13:47:48
/MY Mary Bloom's blood splatters all over the subjects surrounding her. at 07 May 13:47:52
/MY Jacob Lansky's holding a .38. at 07 May 16:43:35
/MY Joseph Bricker's eyes are glued to the traffic stop. at 07 May 18:42:47
/MY Keane Armarti's known for his saggy attitude and is riddled with variety of prison-gang related tats. at 07 May 18:48:48
/MY Billy Rosewood's voice would be pretty fucked up due to puberty. at 07 May 19:35:03
/MY Jekyl Eskridge's eyes are glued to Billy Rosewood. at 07 May 19:51:08
/MY Joseph Ruthless's truck is having $100 billion inside. at 08 May 10:41:51
/MY Jacob Lansky's a bespectacled, middle aged Jewish accountant. at 08 May 11:16:54
/MY Jacob Lansky's obviously being sarcastic. at 08 May 11:41:29
/MY Anthony Levesque's phone rings. at 08 May 13:58:23
/MY Carl Messina's not completely unconscious, he uses his last forces to crawl behind the cruiser. at 08 May 15:52:31
/MY Keane Armarti's still hods Tesa by the hair, pulling her head backwards. at 08 May 16:12:09
/MY Myka Laterza's bpm is lowering at 08 May 19:03:26
/MY Joseph DeSantis's face is full of silicone mask. at 09 May 09:39:08
/MY Musi Harper's car at 09 May 10:42:06
/MY Musi Harper's cars at 09 May 12:24:48
/MY Joseph DeSantis's M4 Carbine is directly aimed upon your head. at 09 May 13:18:01
/MY Carl Messina's eyes lighten up. at 09 May 13:25:54
/MY Angelo Musitano's hands are bloody, and his smile is sinister. at 09 May 17:25:57
/MY Carl Messina's body eventually falls on the ground. at 09 May 19:11:43
/MY Michael Bauers's eyes are glued to Mark Alders. at 09 May 22:34:04
/MY Michael Bauers's hands would be hanging on his collar. at 09 May 22:39:23
/MY Danny Col's activity at 10 May 08:47:30
/MY Fredrick Vraonley's is in the trunk at 10 May 08:52:12
/MY Bobby Eastwood's surrounded by his goons. at 10 May 16:04:21
/MY Natali Buhbut's known as "Natali Spoon" for gouging another girl's eye out with a silver spoon. at 10 May 17:16:15
/MY Natali Buhbut's immersed in her cellphone, she skims through stories on Instagram. at 10 May 17:56:05
/MY Natali Buhbut's draped in a tight, slutty strapless dress. at 10 May 18:02:05
/MY Natali Buhbut's an Israeli-moroccan girl with attitude. at 10 May 18:11:17
/MY Lamar Cussie's expression brightens up after seeing his old fat friend. at 11 May 06:47:29
/MY Lamar Cussie's expression brightens up once again, he nods. at 11 May 06:49:37
/MY Jimmy Anderson's donut is finished. at 11 May 06:56:21
/MY Tyrone Guccie's windows' are tinted. at 11 May 10:17:18
/MY Lucifer Armarti's on ground, in pain. at 11 May 11:57:28
/MY Benjamin Castro's hair is sweaty. at 11 May 12:12:39
/MY Benjamin Castro's hands are hanging on his collar. at 11 May 12:17:43
/MY Lawrence Terrence's facial expression would be sad. at 11 May 13:16:59
/MY Chris Ta's face is cemented into the pavement with the saliva that's escaped his mouth. at 11 May 13:45:54
/MY Sean Ripol's holding a strange-looking chip injector. at 11 May 14:19:30
/MY Hank James's drone records all of it. at 11 May 15:20:20
/MY Cesar Beard's eyes widen, jaw dropping. at 11 May 15:36:50
/MY Niv Gastro's eyes slowly starts opening up. at 11 May 22:05:06
/MY Yosef Goldberg's ready to shoot anytime. at 12 May 15:27:14
/MY Yosef Goldberg's holding Rondo on a gunpoint. at 12 May 15:27:42
/MY Alex Vega's using crutches. at 12 May 17:03:36
/MY Paul DeLuca's ass hurts. at 12 May 17:23:00
/MY Paul DeLuca's . at 12 May 18:04:48
/MY Mary Bloom's stomach is bleeding at 12 May 19:56:34
/MY Dragus Armarti's high as fuck. at 12 May 21:25:57
/MY Sean Ripol's also higher than a motherfucking kite. at 12 May 21:34:06
/MY Joseph Ruthless's beard is fake. at 13 May 07:09:51
/MY Joseph Ruthless's facial expression would be clearly furious. at 13 May 08:23:49
/MY Joseph Ruthless's eyeglasses would shine. at 13 May 08:48:48
/MY Joseph Ruthless's head highers up because Josh is taller than him. at 13 May 08:56:53
/MY Joseph Ruthless's facial expression would darker. at 13 May 08:57:21
/MY Joseph Ruthless's body is so skinny. at 13 May 09:04:24
/MY Joseph Ruthless's face brightens up when he saw Slice's taking out a money from his pocket. at 13 May 09:05:05
/MY Josh Atwood's phone begins to buzz. at 13 May 14:20:25
/MY Darwin Tremor's draped in an old, torn leather vest that smells of sour sweat and manure. at 13 May 15:56:25
/MY Randall Teller's a sturdy military-looking man with a large moustache covering his thick cheekbones. at 13 May 16:58:48
/MY Josef Hudson's equipment would be gone at 13 May 18:05:06
/MY Josef Hudson's heartbeat would suddently drop below the recomended standard, which would be a clear sign of magnesium insuf
/MY Hank James's pipe breaks out, it pops out his mouth. at 13 May 18:27:21
/MY Dragurious Armarti's wrapped in an oversized, olive-green trench coat with his palms snuggling in its pockets. at 13 May 19
/MY Dragurious Armarti's breathing like a racing horse. at 13 May 20:05:30
/MY Dragurious Armarti's having a panic attack. at 13 May 20:05:44
/MY Dragurious Armarti's clearly a drama queen. at 13 May 20:06:06
/MY Dragurious Armarti's breathing rate slows down after a short while. at 13 May 20:10:08
/MY Dragurious Armarti's not wounded. at 13 May 20:11:58
/MY Pablo Rastillo's voice is slightly muffled due to the balaclava usage. at 13 May 21:09:23
/MY Callum Thompson's full attraction deriged to Arn's actions. at 14 May 15:16:51
/MY Corey Morrow's a tall, vulgar biker with a ridiculous amount of tats and piercings. He smells of cheap liquor. at 14 May 15
/MY Corey Morrow's eyes almost pop out of their sockets and he glares around, dumbfounded by the technology. at 14 May 16:13:16
/MY Otis Snell's white trash. at 14 May 17:25:37
/MY Mustard Snell's smell would spread all around the vehicle. at 14 May 17:30:46
/MY Pablo Rastillo's voice would be some sort of muffled. at 14 May 17:31:31
/MY Otis Snell's a scrawny looking hillbilly. at 14 May 17:44:16
/MY Sean Ripol's so close he breathes on Jennifer's nape. at 14 May 17:57:13
/MY Park Hoon's dick would be very noticable from jessas point of view at 14 May 18:12:11
/MY Park Hoon's would have shown no remorse in saying that at 14 May 18:34:45
/MY Jason Millhouse's arms are tethered by Dragus. at 14 May 21:32:22
/MY Jason Millhouse's phone's been smashed. at 14 May 21:41:35
/MY Sean Ripol's adrenaline rush arises drastically, he's overwhelmed by the thrill of the kill, like it's his first time. at 1
/MY Sean Ripol's as rapid as a cook gouging out rotten spots while peeling potatoes. at 14 May 21:57:08
/MY Dragus Armarti's and Sean's pitbull is named Guerrero. at 14 May 21:57:24
/MY Vinnie Harper's head hits the steering wheel, resulting in blood coming out of Vinnie's head. at 14 May 22:16:08
/MY Joseph Ruthless's face expression would be dark. at 15 May 15:33:51
/MY Dragus Armarti's security is stronger then President's. at 15 May 15:49:59
/MY Dragus Armarti's surrounded by his squad. at 15 May 15:56:10
/MY Sean Ripol's patience starts dwindling as the vein on his temple grows red. at 15 May 16:53:27
/MY Dragus Armarti's a cocaine addict. at 15 May 18:13:04
/MY Dragus Armarti's cocaine addict, probably missing a dose. at 15 May 18:15:10
/MY Happy Teller's wielding a brand new M4A1 commando. at 15 May 20:08:29
/MY Happy Teller's wearing colored eye lenses and thick makeup that entirely changed his original facial features. at 15 May 20
/MY Dale Moore's set in between Harry and Luke, in the backseat. at 15 May 20:37:48
/MY Dale Moore's lowkey holding his .38 against Kayne's waist. at 15 May 21:05:18
/MY Sean Ripol's covered in an airy, fresh and light scent. It'll trail all the way to Amanda's nostrils as she approaches. at 
/MY Sean Ripol's cologne has a well-balanced sweet and citrus scent, perfect for casual social gatherings. at 16 May 09:25:21
/MY Romolo Ziani's phone rings. at 16 May 09:46:19
/MY Billie Eilish's a teenage girl with baggy-variegated clothes and midnight blue hair shades. at 16 May 11:12:04
/MY Billie Eilish's countenance and behaviour give little away, she seems pretty much dead inside. at 16 May 11:21:13
/MY Billie Eilish's roughly 17 years old. at 16 May 11:34:13
/MY Kanye North's activity at 16 May 15:12:58
/MY Billie Eilish's a roughly 17 years old savage girl with baggy-variegated clothes and midnight blue hair shades. at 16 May 2
/MY Angelo Musitano's lifeless body lays on the ground with their skull smashed by the impact with the floor. at 16 May 22:04:4
/MY Javier Agustino's face appears to be mad-fuckfaced. at 17 May 07:02:51
/MY Javier Agustino's face expression would suddenly appear to be glad after seeing the result of the  at 17 May 07:04:07
/MY Joseph Ruthless's voice is deep. at 17 May 07:06:41
/MY Danny Col's observes the whole cash register's chamber real quick, resuming his own work afterwards. at 17 May 10:37:08
/MY Danny Col's observes the whole cash register's chamber real quick, resuming his own work afterwards. at 17 May 10:40:06
/MY Danny Col's observes the whole cash register's chamber real quick, resuming his own work afterwards. at 17 May 10:40:35
/MY Leonardo Murphy's corpse is lying on the ground, lifeless. at 17 May 17:02:53
/MY Spencer Blythe's wrapped in an oversized, olive-green trench coat. at 17 May 18:35:12
/MY Sean Ripol's jew  at 17 May 19:07:54
/MY Nawfal Wayne's face is totally masked, he'd be unknown. at 18 May 00:06:00
/MY Joseph Ruthless's face expression would be sad. at 18 May 09:00:01
/MY Rocco Salonga's referring to Cannabis. at 18 May 10:22:54
/MY Joseph Ruthless's facial expression would be brighten up upon seeing the money coming from Emilio. at 18 May 10:25:50
/MY Joseph Ruthless's fingers stretch out, seeking Joseph's warmth but finding only the rough canvas cover of the mattress. at 
/MY Joseph Ruthless's body is cold, he leans on a fabricated rough canvas chair seeking for it's warmth. at 18 May 12:41:57
/MY Jacob Hall's hands would be shaking. at 18 May 16:29:02
/MY Dixie Normous's a burly and stocky African Amercian with gang-related tats covering the majority of his dark skin. at 18 Ma
/MY Dragus Armarti's a cocaine addict. at 18 May 22:02:54
/MY Angelo Musitano's head hits the sand at 18 May 22:03:21
/MY Joseph Ruthless's whole body and his both cheeks are also cold, seeking for his fabricated canvas leather jacket warmth. at
/MY Joseph Ruthless's facial expression would be nervous. at 19 May 09:45:14
/MY Terenzio Bradshaw's body gets stabilized froom Hristian's help. at 19 May 10:13:06
/MY Laura Beaufort's vehicles windows are up and tinted. at 19 May 10:23:48
/MY Dragus Armarti's would be half naked. at 19 May 11:38:07
/MY Joseph Ruthless's both eyes goes higher. at 19 May 15:21:50
/MY Joseph Ruthless's facial expression brightens up. at 19 May 15:22:20
/MY Kanye North's activity 5 at 19 May 15:45:07
/MY Kanye North's activity 5 at 19 May 15:45:11
/MY Joseph Ruthless's both legs broke up. at 19 May 17:31:13
/MY Felix Peterson's deaths at 19 May 20:25:21
/MY Josef Hudson's national socialistic svastika would be very visible to Adam's bare eye at 19 May 20:51:30
/MY Joziah Gastro's a real thug. at 19 May 22:07:27
/MY Niv Gastro's sight would still be locked on the trees, he goes deep in his thoughts. at 20 May 03:22:57
/MY Joseph Ruthless's facial expression would brighten up after seeing the ammount of his paypal account. at 20 May 09:27:42
/MY Laura Beaufort's body receives the adrenaline shot and regains consciousness. at 20 May 14:33:37
/MY Jason Millhouse's facial expressions seem to be so kyob'ed. at 20 May 16:39:29
/MY Cesar Beard's body muscles would tense up, veins popping. at 20 May 16:39:55
/MY Jaylen Rose's leg would be pierced by the blade. at 20 May 18:45:40
/MY Tyler Khan's palm is close to his firearm. at 20 May 18:57:14
/MY Tyler Khan's weapon's safety is on. at 20 May 18:57:24
/MY Kayla Dawson's old sedan coughs black thick smoke out of the exhaust. at 20 May 20:02:07
/MY Kayla Dawson's clearly enraged. at 20 May 20:05:05
/MY Kayla Dawson's breathing rate rises, she gulps her saliva down. at 20 May 20:18:33
/MY Kayla Dawson's apple shaped butt bounces to her every step in her black tights. at 20 May 20:32:07
/MY Cassius Clarke's hands fucking hurt. at 20 May 21:02:20
/MY Hakeem Acosta's cars at 21 May 07:33:07
/MY Sean Ripol's a hefty Mexican-American with a sturdy shoulderline and a thick macho moustache. at 21 May 10:07:13
/MY Joziah Cook's hands are smeared with blood. at 21 May 10:07:37
/MY Ricardo Salonga's head tilts sideways as he fall asleep. at 21 May 10:34:08
/MY Cynthia Rowley's a curvy southern girl with a pair of busty jugs setting in a double-D sized bra. at 21 May 11:13:57
/MY Cynthia Rowley's stricken by timidity. at 21 May 11:21:48
/MY Cynthia Rowley's a timid, bespectacled and curvy girl with low self esteem and possible mental issues. at 21 May 11:40:14
/MY Rocco Salonga's feeling worried to Ricardo. at 21 May 13:30:49
/MY Jesus Salonga's eyebrows shrug, indicating no idea on the topic. at 21 May 15:25:18
/MY Joziah Cook's suit gets sprayed with Deshawn's blood. at 21 May 16:36:23
/MY Kanye North's back would be bleeding at 21 May 18:30:11
/MY Leo Gween's palm would roll to his bottom-left, he'd press on a button where the trunk would open. at 21 May 19:15:03
/MY Cynthia Rowley's a bespectacled, buxom girl with a heavy southern accent and a relatively large rack. at 21 May 20:38:47
/MY Cynthia Rowley's buxom, not fat. at 21 May 20:41:14
/MY Cynthia Rowley's curvy in the right spots. at 21 May 20:41:29
/MY Carbone Vercetti's kevlar is riddled with bullets. at 22 May 18:04:47
/MY Sean Ripol's blood oozes out of his wounds and drips down on his comrades. at 22 May 18:22:02
/MY Felix Peterson's deagle would also be ready. at 22 May 21:12:39
/MY Chris DeSimone's forehead veins throb as his patience wears thin. at 23 May 12:23:14
/MY Niv Gastro's anger tempers down a bit. at 23 May 18:02:51
/MY Niv Gastro's anger level starts rising up. at 23 May 18:09:11
/MY Isaiah Patton's muscles would tense on the trigger of the M4, resulting in the gun going off as he gets shot. at 23 May 18:
/MY Leewon Delmont's body torso would fall to the steering wheel, as Leewon would be bleeding heavily. at 23 May 18:47:34
/MY Leewon Delmont's torso would fall to the steering wheel, as Leewon would be bleeding heavily. at 23 May 18:49:04
/MY Gonzalo Aitken's activity at 23 May 19:10:49
/MY Alex Trejo's cap casts a shade that covers most of his face, he's hardly recognizable. at 23 May 21:46:14
/MY Quintrell Heimdall's pretty sure he's being watched. at 23 May 22:29:53
/MY Niv Gastro's face would be hidden by his tactial suit. at 24 May 03:40:38
/MY Joseph Belucci's mood would change. at 24 May 03:47:10
/MY Tyler Khan's eyes fully scan Daniel's face. at 24 May 11:03:23
/MY Tyler Khan's aim follows Daniel's movements. at 24 May 11:13:48
/MY Tyler Khan's aim is focused precisely upon Daniel, he pulls the trigger and empties the magazine all upon Daniel showing no
/MY Danny Trujillo's holding two glasses of Moscow Mule. at 24 May 11:16:25
/MY Danny Trujillo's a stocky hispanic guy sporting a black & yellow button up and a low fade haircut. at 24 May 14:25:19
/MY Danny Trujillo's temple vein is swollen-red, it beats like a drum. at 24 May 14:27:55
/MY Dominic Heimdall's motorbike malfunctions. at 24 May 15:40:39
/MY Dragus Armarti's clueless about his surroundings. at 24 May 16:20:20
/MY Reece Sawano's kevlar is riddled with bullets. at 24 May 19:25:45
/MY Anthony Mazzanti's dead. at 24 May 19:31:28
/MY Angelo Musitano's head hangs gown with a screwdriver in both his eye sockets. at 24 May 22:22:13
/MY Dominic Heimdall's armani suit gets smutched with blood. at 24 May 22:27:10
/MY Dragus Armarti's surrounded by his goons. at 25 May 23:18:33
/MY Anthony Mazzanti's die. at 25 May 23:18:59
/MY Anton Drexler's patience is almost out at 25 May 23:25:50
/MY Jorge Lopez's one hand grips the hold of his .45 UCP which would be invisible to Sherwin due to the window's tinted colour.
/MY Danny Trujillo's a stocky hispanic guy sporting an airy hawaiian button-up and skinny jeans. at 25 May 10:05:15
/MY Danny Trujillo's half-open bloodshot eyes add up to his apathic look, he thanks Niv with a short nod. at 25 May 10:07:53
/MY Niv Gastro's anger levels starts rising up, he applies pressure on Sherwin's neck. at 25 May 10:52:59
/MY Niv Gastro's eyes opens up while he watches Dragus's actions. at 25 May 11:52:46
/MY Niv Gastro's anger levels starts rising up, he grabs Ren by his shirt. at 25 May 14:48:49
/MY Niv Gastro's body would be shaken from the taze. at 25 May 14:54:56
/MY Niv Gastro's pressure on the chooking would be loose now. at 25 May 14:55:20
/MY Ren Rosetti's bleeding stops. at 25 May 14:55:22
/MY Dilmar Pantera's body violently trembles due to being mistakenly tazed. at 25 May 14:57:53
/MY Niv Gastro's tazer affects worned off. at 25 May 15:22:09
/MY Niv Gastro's gets filled with rage, he sprints at Dilmar and attempts to attack him with the cuffs. at 25 May 15:31:41
/MY Anthony Mazzanti's head gets slammed in. at 25 May 18:14:46
/MY Reece Sawano's kevlar is riddled with bullets. at 25 May 19:21:39
/MY Dominic Heimdall's stealth 100. at 26 May 23:01:28
/MY Sean Ripol's a beach boy. at 26 May 23:29:07
/MY Sean Ripol's ripped as fuck. at 26 May 23:30:58
/MY Sean Ripol's enemies with anyone unless he's a beach boy. at 26 May 23:41:00
/MY Ezi Royal's hands would be covered in latex gloves. at 26 May 11:23:32
/MY Chiyo Suzuki's Japanese. at 26 May 12:59:06
/MY Dragus Armarti's wearing a tactical suit with gas mask attached. at 26 May 13:10:52
/MY Joseph Ruthless's facial expression would brighten up. at 26 May 13:12:41
/MY Sofia Reyes's windows are finally tinted. at 26 May 14:04:47
/MY Sofia Reyes's cruiser gets rammed in, hitting the back at 26 May 14:08:27
/MY Anthony Heimdall's owns a dog named Guerrero. at 26 May 14:27:45
/MY Kenshi Fasuki's shirt would be lathered in blood. at 26 May 14:52:24
/MY Lance Rizzi's phone lights up and the search results come up on the screen. at 26 May 15:10:27
/MY Darius Malik's nose is bleeding. at 26 May 15:17:07
/MY Giorgi Tsaklov's hands would be all over blood and piss. at 26 May 15:23:22
/MY Darius Malik's body contains bruises and has a dislocated elbow. at 26 May 15:27:37
/MY Darius Malik's body only contains a couple of bruise but his elbow is dislocated. at 26 May 15:29:45
/MY Niv Gastro's angers levels are starting to rise up. at 26 May 15:50:17
/MY Tyler Khan's body is losing an enormous amount of blood. at 26 May 16:44:46
/MY Tyler Khan's body color seems to be completely changed due to the high amount of blood lost. at 26 May 16:49:40
/MY Tyler Khan's injures continue to bleed out. at 26 May 16:53:04
/MY Niv Gastro's eyes would lock on the waving trees. at 26 May 18:22:34
/MY Jermane Shanks's nose would be white at 26 May 19:21:47
/MY Darius Malik's body is bathing on his own blood. at 26 May 19:53:12
/MY Tyler Khan's facial expression would casually change upon hearing the charges. at 26 May 21:53:57
/MY Dragus Armarti's finger slipped at 26 May 22:05:34
/MY Xen Tsutski's foot slips on the car, landing on the ground resulting in a chain reaction of mines to go off around the city
/MY Dominic Heimdall's ACP attached with a sidewinder. at 27 May 23:36:59
/MY Dominic Heimdall's would rip every single fabric she has on. Until she gets naked. at 27 May 23:44:40
/MY Dominic Heimdall's penis grows due to the moans released by his fiance. at 27 May 23:47:48
/MY Darius Malik's car is tinted. at 27 May 04:59:08
/MY Dilmar Pantera's body slightly trembles and my eyes would unintentionally close due to the pain. at 27 May 10:32:00
/MY Darius Malik's gun would be hidden frm plain sight. at 27 May 12:17:50
/MY Antonio Vargas's mind is telling him to spit on Frank. at 27 May 14:46:17
/MY Arush Patel's wrinkled button-up is smudged in sweat and grease around its back. at 27 May 18:27:47
/MY Dragus Armarti's a racist. at 27 May 18:45:40
/MY Arush Patel's barely understandable when he's nettled. at 27 May 18:47:15
/MY Joziah Cook's spit taints Arush's windshield. at 27 May 18:49:42
/MY Arush Patel's wrinkled button-up is smudged in sweat and grease around its back. at 27 May 18:51:53
/MY Benny Rizzi's penis is 10 inches long. at 27 May 20:02:23
/MY Benny Rizzi's mouth gapes open as he quietly groans and begins to jerk his hand up and down his dick. at 27 May 20:07:57
/MY Benny Rizzi's penis slowly inflates into its full grown size. at 27 May 20:09:36
/MY Lisa Delvega's moaning turns into borderline screaming as she climaxes all over Samanatha's face. at 27 May 20:19:19
/MY Benny Rizzi's pager beeps. at 27 May 20:35:53
/MY Dominic Heimdall's edward pulaski's budget at 27 May 22:50:35
/MY Kenneth Reyes's accent is strong and has stress at the end of every word but it is similar to its counterparts at 28 May 08
/MY Hugues Balfour's an old man with a fringe of grey hair around his balding, mottled scalp. at 28 May 09:21:43
/MY Hugues Balfour's left forlorn on the curb, experience dance on his lips like a curious child. at 28 May 09:39:16
/MY Lance Rizzi's face is sprayed with Harry's blood. at 28 May 10:19:01
/MY Sean Ripol's holding a protable defibrillator. at 28 May 10:21:35
/MY Edi Litvinov's english sucks. at 28 May 12:31:05
/MY Edi Litvinov's english is clearly poor. at 28 May 12:53:33
/MY Noah Smelle's facial expression would brighten up after hearing the place. at 28 May 13:01:20
/MY Edi Litvinov's english is clearly bad. at 28 May 13:12:52
/MY Sean Ripol's quite dumbfounded by Tesa's affection, but he goes with it. at 28 May 13:17:14
/MY Dragus Armarti's known for his saggy attitude, and is riddled with variety of prison/gang related tats. at 28 May 13:23:41
/MY Kenneth Reyes's sumpak uses a shotgun ammo and has a wide spread when shot. at 28 May 16:41:58
/MY Jessa Erosel's eyes open as Tesa's fingers fingers penetrate through her own vagina. at 28 May 16:54:07
/MY Reece Sawano's visage is covered with a gas mask and a helmet. at 28 May 17:33:17
/MY Kenneth Reyes's body is riddled with gang and prison tattoos. at 28 May 19:24:55
/MY Samuel Carrozza's whole body is clothed, including his face. at 28 May 19:25:49
/MY Samuel Carrozza's body is filled with Morphine, no difference is seen yet. at 28 May 19:27:11
/MY Erica Renshaw's phone rings. at 28 May 22:00:02
/MY Erica Renshaw's phone falls from her thigh, landing on the ground. at 28 May 22:01:50
/MY Erica Renshaw's phones make a loud ringing sound, playing a song. at 28 May 22:04:57
/MY Erica Renshaw's phones make a loud ringing sound, playing a song. at 28 May 22:05:12
/MY Erica Renshaw's eyes flutter for a second, she closes them quickly. at 28 May 22:10:08
/MY Kenneth Reyes's car window is tinted. at 29 May 05:13:28
/MY Kenneth Reyes's English is getting better and better as time passes. at 29 May 05:38:30
/MY Kenneth Reyes's body is full of sweat. at 29 May 05:44:22
/MY Kenneth Reyes's car window is tinted. at 29 May 06:19:34
/MY Kenneth Reyes's boga or improvised firearm is in the vehicle. at 29 May 06:29:23
/MY Kenneth Reyes's body is riddled with gang/prison tattoos. at 29 May 07:32:50
/MY Kenneth Reyes's glock17 is hidden but is easily accessible when needed. at 29 May 07:53:07
/MY Kenneth Reyes's friendly demeanor became transparent. at 29 May 07:59:00
/MY Kenneth Reyes's body is riddled with gang/prison tattoos. at 29 May 09:30:37
/MY Sean Ripol's wrinkled $1 bills would rain over Noah's head like confetti. at 29 May 09:35:52
/MY Kenneth Reyes's accent has stress at the end of each word. at 29 May 09:40:20
/MY Dragus Armarti's holding Edgar at the gunpoint, all the time. at 29 May 09:54:33
/MY Sierra Cabon's jaw drops. at 29 May 10:28:14
/MY Sean Ripol's an old horndog. at 29 May 10:46:09
/MY Sean Ripol's spliff spreads the pungent, skunky scent of marijuana. The smell gradually engulfs the room. at 29 May 11:06:0
/MY Kenneth Reyes's car window is tinted, occupants inside isn't visible. at 29 May 11:09:38
/MY Valeriya Fedorov's arms are now to steering wheel. at 29 May 11:43:48
/MY Valeriya Fedorov's voice would be muffled throughout. at 29 May 11:44:52
/MY Niv Gastro's attention was driven away by Xan. at 29 May 11:50:49
/MY Valeriya Fedorov's snapped head would be on the ground whilst my body againsts the back seats, blood eveywhere for the snap
/MY Valeriya Fedorov's died. at 29 May 11:57:45
/MY Kenneth Reyes's body is starting to release sweat. at 29 May 12:13:56
/MY Edi Litvinov's english sucks. at 29 May 13:53:23
/MY Edi Litvinov's english is beyond worse. at 29 May 13:56:29
/MY Kenneth Reyes's fists would be bloodied. at 29 May 14:35:33
/MY Kenneth Reyes's body reacts quickly, his body turns pale. at 29 May 16:17:01
/MY Kenneth Reyes's English has noticeably improved. at 29 May 16:20:21
/MY Samuel Carrozza's neck would be snapped. at 29 May 16:31:00
/MY Rodney Knox's eyes light up with joy. at 29 May 16:50:40
/MY Kenneth Reyes's gun uses a rock as ammo. at 29 May 17:16:38
/MY Kenneth Reyes's improvised weapon uses shotgun as its primary ammo. at 29 May 18:46:34
/MY Grace Hopkins's trousers hug her figure perfectly. at 29 May 19:39:48
/MY Lance Rizzi's ass hurts at 29 May 19:51:15
/MY Callum Thompson's penis looks like Johnny's one. at 30 May 00:49:13
/MY Dilmar Pantera's mouth gets blocked. at 30 May 10:30:13
/MY Michael Afandiyev's voice is muffled. at 30 May 11:00:39
/MY Dilmar Pantera's head gets slapped on. at 30 May 11:14:53
/MY Claudio Moretti's breathes would begin to stutter due to the growth of sexual feelings. at 30 May 12:38:38
/MY Kenneth Reyes's hand is in his back, he reaches for his gun. at 30 May 13:30:58
/MY Grace Hopkins's hand accidentally brushes George's crotch. at 30 May 13:57:19
/MY Sean Ripol's sleeping in the passenger's seat.. at 30 May 16:09:34
/MY Clifford Balfour's dressed in a creased Catholic cassock. at 30 May 17:10:29
/MY Dragus Armarti's owns a puppet named John Constantine. at 30 May 19:17:50
/MY Clifford Balfour's dressed in a creased Catholic cassock. at 30 May 20:09:45
/MY Clifford Balfour's dressed in a creased Catholic cassock. at 30 May 20:28:35
/MY Michael Garland's stomach is feeling much better when he pissed on bathroom. at 31 May 00:40:56
/MY Yvonne Cassidy's delighted and smiles. at 31 May 13:02:49
/MY Vasily Zherdev's wrists are bleeding. at 31 May 14:43:18
/MY Sean Ripol's evidently not used to make his own coffee. at 31 May 16:12:00
/MY Sean Ripol's holding two cups of cappuccino. at 31 May 16:17:56
/MY Joziah Cook's salmon Hilfinger shirt gets painted with Cesar's blood. at 31 May 16:23:19
/MY Sean Ripol's face is painted with Eduard's blood-splatter, he grimaces. at 31 May 16:23:52
/MY Joziah Cook's arms are binded. at 31 May 16:23:58
/MY Joziah Cook's butthole is as hairy as an Italian mobster. at 31 May 16:33:47
/MY Lance Rizzi's raincoat gets covered with Joziah's blood, shit and intestines. at 31 May 16:35:32
/MY Sean Ripol's holding a M4A1 carbine. at 31 May 16:58:43
/MY Sierra Cabon's condition gets worse. at 31 May 17:06:42
/MY Sean Ripol's obstructing Sierra's possible escape route, he stands behind her. at 31 May 17:07:55
/MY Leonardo Murphy's face is full of ???? at 31 May 17:39:57
/MY Mike Steele's face is one big ? at 31 May 17:40:02
/MY Yvonne Cassidy's face is also ???????????????? at 31 May 17:40:09
/MY Sean Ripol's either heavily packing heat or overly excited to see Quantay. at 31 May 17:45:23
/MY Arush Patel's an old Indian from Mumbai with a thick, groomed silver-white moustache. at 31 May 18:34:37
/MY Arush Patel's weary mean and cranky most of the time. at 31 May 18:35:08
/MY Arush Patel's used to raping before flirting. at 31 May 18:40:56
/MY Luko Kristov's drill would be at the last part. at 31 May 18:48:50
/MY John Barlow's cock twitches momentarily as he'd lean back on the bed, sighing positively. at 31 May 22:26:30
/MY Ezi Royal's hands are already covered with latex gloves. at 01 June 00:27:24
/MY Tupac Shakur's activity 6 at 01 June 02:32:51
/MY Yvonne Cassidy's face is like ?????????????????? at 01 June 12:24:53
/MY Sean Ripol's all patched up now. at 01 June 14:55:01
/MY Sean Ripol's oblivious to Takumi's weird bondage thingy, he paces around aimlessly. at 01 June 15:29:37
/MY Dragus Armarti's FBI. at 01 June 15:57:19
/MY Claudio Moretti's length grows to its maximum boner. at 01 June 17:02:14
/MY Dixie Normous's a burly, Shaquille Oneal sized African American. at 01 June 17:03:59
/MY Dixie Normous's patience wears thin. at 01 June 17:05:02
/MY James Hawten's SWAT suit has a gas mask. at 01 June 17:48:13
/MY Dragus Armarti's still holding Max by the neck. at 01 June 17:57:34
/MY Leonardo Murphy's hands are ziptied not legs. at 01 June 17:58:55
/MY Ryan Martinez's windows are tinted. at 01 June 18:29:02
/MY Ryan Martinez's bodycam is turned off. at 01 June 18:37:43
/MY Izzy Lyfe's a human South African flag with the swimming costume he's wearing. at 01 June 18:49:03
/MY Izzy Lyfe's ripped as fuck. at 01 June 18:52:11
/MY Izzy Lyfe's smeared up in carrot oil. at 01 June 18:56:35
/MY Izzy Lyfe's ripped as fuck. at 01 June 19:06:43
/MY Tito Cabon's hands are soaked wet with tears, he enters the Sultan. at 02 June 23:46:02
/MY Hermann Schneider's action at 02 June 00:54:20
/MY Yvonne Cassidy's hands has latex gloves at 02 June 07:37:25
/MY Tupac Shakur's activity 6 at 02 June 10:18:09
/MY Gotham Redfield's vehicle is no repist at 02 June 11:33:40
/MY Dylan Winchester's activity 5 at 02 June 12:44:21
/MY Rico Harrison's hand would be bloody as fuck. at 02 June 19:17:10
/MY Jorge Lopez's portable MDC beeps and he takes a quick glance at it. at 02 June 19:18:02
/MY Martin Savoca's hands are cuffed. at 02 June 19:49:00
/MY Izzy Lyfe's a ripped as fuck RPG model. at 02 June 21:00:46
/MY Benny Rizzi's hair is drenched in gel, it's clear that Benny is self aware of his looks. at 02 June 21:56:05
/MY Tracy Blythe's a hippie looking girl with breasts like unripe pearls and a thin waistline. at 02 June 22:02:03
/MY Tracy Blythe's very direct. at 02 June 22:06:46
/MY Alex Brooks's member stiffens as she does, giving more of a podium for the act. at 03 June 23:12:08
/MY Callum's fellings got hurt at 03 June 23:59:41
/MY Tyler Khan's right palm is coiled around a sportsbag. at 03 June 02:03:42
/MY Rodney Knox's phone buzzes like crazy. at 03 June 15:55:45
/MY Tracy Blythe's car looks pretty much like a dumpster on wheels. at 03 June 16:05:04
/MY Tracy Blythe's dressed like a hungover frat girl, with a light camisole and baggy Adidas trackpants. at 03 June 16:45:50
/MY Khenjie Rosetti's limb cracks. at 03 June 16:48:22
/MY Khenjie Rosetti's uvula drops out from his mouth. at 03 June 16:49:22
/MY Tracy Blythe's midnight blue dyed hair spreads on her swarthy shoulders.  at 03 June 16:53:40
/MY Tracy Blythe's frails voice deepens as she breaks her schoolgirl act. at 03 June 16:57:05
/MY Benny Rizzi's curiousity begins to manifest, he looks at Tracy with confusion. at 03 June 16:58:02
/MY Scott Arceneaux's heart rate slowly decreases. at 03 June 18:13:15
/MY Holly Cooper's eyes are left wide open as Alex unexpectedly slides into her tight little cunt, making her shiver in pleasur
/MY Holly Cooper's tits were left rubbing against the matress with her drooling out like a bitch in heat, clearly enjoying havi
/MY Holly Cooper's toes curled up as she felt her insides being flooded with Alex' cum, shivering from the rush of pleasure run
/MY Alex Brooks's member stiffens underneath Hayden's rear; he'd kiss her neck, smirking in the process. at 04 June 23:03:41
/MY Michael Garland's is making no seriousness with Angelo, just jokes. at 04 June 23:08:28
/MY Callum's name is Anna. at 04 June 00:15:01
/MY Bronislav Kuznetsov's knife is hidden underneath his clothing, specifically under his sleeve. at 05 June 01:15:11
/MY Michael Garland's eye patch is on his eye. at 05 June 03:50:55
/MY Javier Agustino's hands would be at my pockets. at 05 June 04:55:37
/MY Javier Agustino's saliva would be falling out from his mouth as he would lick it back in his mouth. at 05 June 05:25:20
/MY Lorne Varga's standoffish and rather enigmatic, he hides his face under a long fisherman's cap. at 05 June 12:59:33
/MY Rey Murphy's body gets stabilized from Clarke's assistence. at 05 June 14:33:45
/MY Anatoly Belikov's finger is on the trigger in case Tyler does something stupid. at 05 June 15:55:39
/MY Tyler Khan's facial expression would change casually upon eating whatever the shit he ate. at 05 June 16:20:18
/MY Tyler Khan's eyes keep on diverting between the trio. at 05 June 16:24:06
/MY Lorne Varga's a standoffish sketchy figure hiding under a tilted fisherman's cap. at 06 June 16:00:59
/MY Chris Sanchez's head is on Alan's right shoe, he throws up on it. at 06 June 17:10:39
/MY Lorne Varga's ostensibly a staid person, he doesn't seem to defy Anthony's insults. at 06 June 18:27:04
/MY Jorge Lopez's contemplating a conspiracy to overthrow Maximus Payne. at 06 June 18:28:06
/MY Chris Sanchez's thingy is hard. at 06 June 19:27:31
/MY Frank Thompson's underwears would be pink. at 07 June 00:49:37
/MY Jerome Lockhart's deaths at 07 June 09:25:37
/MY Lorne Vargas's cap is tilted down, casting a shade that hides the majority of his face. at 07 June 14:18:15
/MY Erdem Johnson's whole upper body got penetrated with M4 bullets. at 07 June 14:37:24
/MY Lorne Vargas's face is hidden by the shade that his cap casts. at 08 June 10:40:43
/MY Lorne Vargas's hideous cicatrix looks like a washed out fish bone. at 08 June 10:48:10
/MY Lorne Vargas's leather case is decorated in ancient text and embroidered baphomet symbol. at 08 June 11:01:37
/MY Otto Osborn's activity 5 at 08 June 12:07:49
/MY Michael Crawford's jacket and shirt are eventually wet, he takes them off. at 08 June 21:06:43
/MY Hayden Pink's face would be completely cover with a mask, hiding her identity. at 09 June 00:36:26
/MY Michael Garland's face would be also masked. at 09 June 00:36:39
/MY John Henderson's car at 09 June 05:42:19
/MY Jeremiah Hendrix's vehicle has a dense and pungent scent of marijuana. at 09 June 10:19:10
/MY Jeremiah Hendrix's head bumpbs into the airbag. at 09 June 10:23:03
/MY Rev Reigns's breast pocket has a 5 gram load of some shiny metal. at 09 June 16:05:21
/MY Dylan Winchester's all the papers drop by mistake. She picks it again. at 10 June 16:08:57
/MY Chris DeSimone's ears ring. at 10 June 16:34:26
/MY Jeremiah Hendrix's ostensibly texting and driving, he strays off the road and rams into Lia. at 10 June 16:45:28
/MY Reece Sawano's adrenaline also Rising  at 10 June 18:59:52
/MY Reece Sawano's almost Erec at 10 June 18:59:56
/MY Reece Sawano's dick is flaccid though at 10 June 19:00:02
/MY Mayu Uchiha's hair is dyed with midnight blue shades and tied up in pigtails. at 11 June 18:07:44
/MY Mayu Uchiha's vibrant demeanour doesn't really match her gentle and frail voice. at 11 June 18:17:22
/MY Jorge Lopez's the man, the myth the legend. at 11 June 18:59:31
/MY Joey Alvarado's cellphone drops. at 11 June 22:05:11
/MY Matias Mendoza's eyes would become red. at 12 June 18:32:04
/MY Armando Marino's clothing with obtain a large scent of marijuana, leaving his eyes a bit blood shot red. at 12 June 18:32:4
/MY Bernard Locke's face is ????????????? at 12 June 20:26:48
/MY Claudio Moretti's body is being stretched due to the excitement. at 12 June 20:33:03
