Hank James has been fined $595586 by Akib Khan, reason: Test at 07 May 14:11:57
Arn Forsberg has been fined $453388 by Ethan, reason: Ok. at 11 May 15:05:30
Alexander McKluskey has been fined $684090 by Ethan, reason: RBT at 13 May 15:51:49
Clayton Byrne has been fined $359635 by Ethan, reason: RBT at 13 May 15:53:39
Alexander McKluskey has been fined $135881 by Ethan, reason: Caps at 15 May 15:18:22
Rob Smalls has been fined $1370894 by Otter, reason: RBT at 16 May 13:38:23
Rob Smalls has been fined $1302250 by Jessa Winters, reason: loose the caps at 16 May 13:44:03
Deshawn Banks has been fined $490595 by Otter, reason: MG at 16 May 16:21:15
Joseph Allen has been fined $72670 by Otter, reason: RBT at 17 May 07:33:47
Sergei Mikhailov has been fined $389954 by Rudolf Meyers, reason: report abuse at 17 May 19:08:10
Chris Ruggiero has been fined $596401 by Otter, reason: Randomly shooting in public. at 18 May 10:10:58
Joseph Allen has been fined $185483 by Jessa Erosel, reason: RBT at 18 May 10:19:44
Klemens Konerr has been fined $889464 by Jessa Erosel, reason: report abuse at 18 May 10:22:15
Klemens Konerr has been fined $871675 by Jessa Erosel, reason: report abuse at 18 May 10:22:33
Jax Bolt has been fined $56249 by Otter, reason: OOC in /ad at 18 May 11:51:29
Alvin Harper has been fined $6603187 by Otter, reason: randomly shooting at 19 May 05:14:07
Thomas Vercetti has been fined $146822 by Otter, reason: randomly shooting at 19 May 05:14:29
Joseph Ruthless has been fined $1150178 by Otter, reason: MG at 19 May 05:15:33
Jennifer Erosel has been fined $96236 by Ethan, reason: RBT. at 20 May 21:36:15
Slice Walshy has been fined $2444527 by Jessa Erosel, reason: report abuse at 21 May 13:26:25
Jamal Compton has been fined $150325 by Ethan, reason: RBT. at 22 May 21:13:54
Edgar Compton has been fined $663953 by Carry Minati, reason: MG [Different Language inside vehicle/ /s] at 22 May 21:30:26
Tesa Steel has been fined $990108 by Carry Minati, reason: English in /report please. at 23 May 13:02:30
Marie Bonaparte has been fined $2729258 by Jonathan Constantine, reason: DM at 23 May 22:09:16
David Micheal has been fined $212127 by Carry Minati, reason: insulting admin. at 24 May 14:50:07
David Micheal has been fined $101821 by Carry Minati, reason: insulting admin. at 24 May 14:51:29
Edgar Compton has been fined $1701264 by Ethan, reason: RBT. at 24 May 21:49:02
Adam Weishaupt has been fined $1019721 by Ethan, reason: RBT. at 24 May 21:49:02
Diontray Fields has been fined $223748 by Ethan, reason: RBT. at 24 May 22:05:59
Michael Garland has been fined $1939327 by Ethan, reason: RBT at 26 May 20:55:31
Kenny McSwain has been fined $1723080 by Tracy Beaker, reason: baiting at 28 May 00:47:35
Michael Afandiyev has been fined $105506 by Jessa Erosel, reason: report abuse at 29 May 14:04:31
Daniel Hernandez has been fined $274035 by Arn, reason: Rulebreaking tax at 29 May 15:41:01
Nikolai Malkov has been fined $3638790 by Jessa Erosel, reason: read the report regulations before u report at 01 June 09:15:08
Frank Thompson has been fined $3732015 by Jessa Erosel, reason: read the report regulations before u report at 01 June 09:15:13
Nikolai Malkov has been fined $6913702 by Jessa Erosel, reason: report abuse at 01 June 09:15:40
Joey Alvarado has been fined $16406188 by Shadow, reason: .!. at 01 June 14:08:52
