OnDialogResponse(Shin Fujiwara, 2, 1, -1, "159753")
OnDialogResponse(Jaxy Admin, 2, 1, -1, "03362169703")
OnDialogResponse(Robbie Rotten, 2, 1, -1, "gamer")
OnDialogResponse(Nazrios Butt Plug, 2, 1, 0, "123")
OnDialogResponse(Ravin Malkoi, 2, 1, 0, "213")
OnDialogResponse(Stacey Suxx, 2, 1, 0, "123")
OnDialogResponse(Candy Rose, 2, 1, 0, "123")
OnDialogResponse(Michael Garrland, 2, 1, 0, "123")
OnDialogResponse(Miles Corey, 2, 1, 0, "123")
OnDialogResponse(Elena Lionhart, 2, 1, 0, "123")
OnDialogResponse(Itachi Hatake, 2, 1, -1, "192837465beny")
OnDialogResponse(Mark Zucc, 2, 1, -1, "gamer")
OnDialogResponse(Car Rammer, 2, 1, -1, "gaemrm")
OnDialogResponse(Child Molester, 2, 1, -1, "GAMER")
OnDialogResponse(Kalcor Erosel, 2, 1, -1, "gamer")
OnDialogResponse(Diego Valezquez, 2, 1, -1, "bas42hab")
OnDialogResponse(John Henderson, 2, 1, -1, "marawan2010")
OnDialogResponse(Josh Steel, 2, 1, -1, "pakistan")
OnDialogResponse(Max Payne, 2, 0, -1, "")
OnDialogResponse(Leon Vance, 2, 1, -1, "bas42hab")
OnDialogResponse(Michael Crawford, 2, 0, -1, "")
OnDialogResponse(Adem Demiraj, 2, 1, -1, "124")
OnDialogResponse(Treyvon Evers, 2, 1, -1, "andres")
OnDialogResponse(Mitko Jackie, 2, 1, -1, "123123")
OnDialogResponse(Kareem Chow, 2, 1, -1, "123")
OnDialogResponse(Diego Rizla, 2, 1, -1, "bas42hab")
OnDialogResponse(Jack Gerrit, 2, 1, -1, "Jacob2307!")
OnDialogResponse(Kate Mcreary, 2, 1, -1, "1144")
OnDialogResponse(Mike Toreno, 2, 1, -1, "bas42hab")
OnDialogResponse(Edgar Compton, 2, 0, -1, "1212")
OnDialogResponse(Dragus Armarti, 2, 1, -1, "dzenan123456789")
OnDialogResponse(Alexei Kuznetsov, 2, 1, -1, "password")
OnDialogResponse(Alexei Kuznetsovv, 2, 1, -1, "password")
OnDialogResponse(Adam Weishaupt, 2, 0, -1, "manig")
OnDialogResponse(Salvatore Leone, 2, 1, -1, "bas42hab")
OnDialogResponse(Vicky Pollard, 2, 1, -1, "gamer")
OnDialogResponse(Lincon Burrows, 2, 1, -1, "paki")
OnDialogResponse(Franklin Sullivan, 2, 1, -1, "sucakjsmrada")
OnDialogResponse(Billy Schons, 2, 1, -1, "God")
OnDialogResponse(Smo Wang, 2, 1, -1, "kalyo101")
OnDialogResponse(Hacker Advan, 2, 1, -1, "hacker")
OnDialogResponse(William Putter, 2, 1, -1, "Apples123")
OnDialogResponse(Mike Wheeler, 2, 1, -1, "nahid1231407")
OnDialogResponse(Nazario Gonzalez, 2, 0, -1, "")
OnDialogResponse(Ethan Hawke, 2, 0, -1, "")
OnDialogResponse(Hakeem Meyers, 2, 1, -1, "password")
OnDialogResponse(Toni Alfred, 2, 1, -1, "123456Aa")
OnDialogResponse(Joey Cipricani, 2, 1, -1, "bas42hab")
OnDialogResponse(Nate Anderson, 2, 1, -1, "scarface123")
OnDialogResponse(Reece Sawano, 2, 1, -1, "2001")
OnDialogResponse(Jaycon Wright, 2, 0, -1, "")
OnDialogResponse(Jaecon Wright, 2, 0, -1, "")
OnDialogResponse(Jayson Wright, 2, 0, -1, "`")
OnDialogResponse(Jaycen Wright, 2, 0, -1, "")
OnDialogResponse(Kofi Bakweri, 2, 1, -1, "Mùñ2001öùñ")
OnDialogResponse(Samantha Chavez, 2, 1, -1, "Danny4me")
OnDialogResponse(Diego Gonzalas, 2, 1, -1, "weedforever")
OnDialogResponse(Ethan Hawke, 2, 0, -1, "")
OnDialogResponse(Tupac Shakur, 2, 0, -1, "")
OnDialogResponse(Pablo Ledezma, 2, 0, -1, "")
OnDialogResponse(Wang Xiu Yang, 2, 0, -1, "")
OnDialogResponse(Diego Gonzales, 2, 0, -1, "")
OnDialogResponse(Pooya Jackson, 2, 1, -1, "l")
OnDialogResponse(Victoria Waiwright, 2, 1, -1, "1129970141")
OnDialogResponse(Hayden Musitano, 2, 1, -1, "tyler12")
OnDialogResponse(Hayden Wright, 2, 1, -1, "tyler12")
OnDialogResponse(Jeremiah Hendrix, 2, 0, -1, "")
OnDialogResponse(Yuri Raznov, 2, 1, -1, "memon123")
OnDialogResponse(Callum Thompson, 2, 1, -1, "1129970141")
OnDialogResponse(Nayvadius DeMun, 2, 0, -1, "")
OnDialogResponse(Juan Vargas, 2, 0, -1, "lol")
OnDialogResponse(Marcus Pritchard, 2, 1, 0, "123")
OnDialogResponse(Jay Brookside, 2, 1, 0, "123")
OnDialogResponse(Willy Wonka, 2, 1, 0, "123")
OnDialogResponse(Adam Byram, 2, 1, 0, "123")
OnDialogResponse(Cece Legacy, 2, 1, 0, "123")
OnDialogResponse(Hopsin Hopsin, 2, 1, 0, "23")
OnDialogResponse(Harry Punter, 2, 1, 0, "23")
OnDialogResponse(Jesus Saloonga, 2, 1, 0, "123")
OnDialogResponse(Harry Punterr, 2, 1, 0, "123")
OnDialogResponse(Deco Deco, 2, 1, 0, "123")
OnDialogResponse(Jayson Gnag, 2, 1, 0, "123")
OnDialogResponse(Luke Silver, 2, 1, 0, "123")
OnDialogResponse(Ned Coon, 2, 1, 0, "123")
OnDialogResponse(Mac Devin, 2, 1, 0, "213")
OnDialogResponse(Shane Walsh, 2, 1, 0, "123")
OnDialogResponse(Neil Hargrave, 2, 1, 0, "23")
OnDialogResponse(Michael Garlend, 2, 1, 0, "123")
OnDialogResponse(Philip Schofield, 2, 1, 0, "23")
OnDialogResponse(Ben Buja, 2, 1, 0, "123")
OnDialogResponse(Jay Vegas, 2, 1, 0, "23")
OnDialogResponse(Jake Hermit, 2, 1, 0, "123")
OnDialogResponse(Sam Farley, 2, 1, 0, "23")
OnDialogResponse(Kasey Kapone, 2, 1, -1, "paki")
OnDialogResponse(Reece Sarwano, 2, 1, 0, "123")
OnDialogResponse(Settimo Accordi, 2, 1, 0, "123")
OnDialogResponse(Little Lagos, 2, 1, 0, "23")
OnDialogResponse(Freddy Krueger, 2, 1, -1, "gamer#")
OnDialogResponse(Francis Gennaro, 2, 1, -1, "55555")
OnDialogResponse(Tommy Berhamo, 2, 0, -1, "")
OnDialogResponse(Niv Gastro, 2, 1, -1, "8656847")
OnDialogResponse(Diego Gonzales, 2, 0, -1, "")
OnDialogResponse(Angelo Musitano, 2, 0, -1, "")
OnDialogResponse(Victor Matthew, 2, 1, -1, "lol69")
OnDialogResponse(Tony Coston, 2, 1, -1, "ofekazran97")
OnDialogResponse(Nazario Constantine, 2, 0, -1, "")
OnDialogResponse(Zhang Yhang, 2, 0, -1, "")
OnDialogResponse(Emily Jackson, 2, 0, -1, "")
OnDialogResponse(Michael Crawford, 2, 0, -1, "")
OnDialogResponse(Jackie Pink, 2, 0, -1, "")
OnDialogResponse(Richard Gambino, 2, 1, -1, "lol")
OnDialogResponse(Tom Fisher, 2, 1, -1, "tigger17")
OnDialogResponse(Bronislav Kuznetsov, 2, 0, -1, "")
OnDialogResponse(Sophia Jackson, 2, 0, -1, "")
OnDialogResponse(Je Lee, 2, 0, -1, "lol")
OnDialogResponse(Sammy Baskon, 2, 1, -1, "semaj144")
